[0m[[0m[0mdebug[0m] [0m[0m> Exec(testOnly ApplicationControllerSpec, None, None)[0m
[0m[[0m[0mdebug[0m] [0m[0mEvaluating tasks: Test / testOnly[0m
[0m[[0m[0mdebug[0m] [0m[0mRunning task... Cancel: Signal, check cycles: false, forcegc: true[0m
[0m[[0m[0mdebug[0m] [0m[0mExporting web-assets:play-template[0m
[0m[[0m[0mdebug[0m] [0m[0mExporting web-assets-test:play-template[0m
[0m[[0m[0minfo[0m] [0m[0mcompiling 3 Scala sources to /Users/omiros.trypatsas/IdeaProjects/play-template/target/scala-2.13/test-classes ...[0m
[0m[[0m[31merror[0m] [0m[0m/Users/omiros.trypatsas/IdeaProjects/play-template/test/baseSpec/BaseSpec.scala:28:24: not found: type DataRepository[0m
[0m[[0m[31merror[0m] [0m[0m  lazy val repository: DataRepository = injector.instanceOf[DataRepository][0m
[0m[[0m[31merror[0m] [0m[0m                       ^[0m
[0m[[0m[31merror[0m] [0m[0m/Users/omiros.trypatsas/IdeaProjects/play-template/test/baseSpec/BaseSpec.scala:28:61: not found: type DataRepository[0m
[0m[[0m[31merror[0m] [0m[0m  lazy val repository: DataRepository = injector.instanceOf[DataRepository][0m
[0m[[0m[31merror[0m] [0m[0m                                                            ^[0m
[0m[[0m[31merror[0m] [0m[0m/Users/omiros.trypatsas/IdeaProjects/play-template/test/controllers/ApplicationControllerSpec.scala:13:5: type mismatch;[0m
[0m[[0m[31merror[0m] [0m[0m found   : play.api.mvc.MessagesControllerComponents[0m
[0m[[0m[31merror[0m] [0m[0m required: repositories.DataRepository[0m
[0m[[0m[31merror[0m] [0m[0m    component[0m
[0m[[0m[31merror[0m] [0m[0m    ^[0m
[0m[[0m[31merror[0m] [0m[0m/Users/omiros.trypatsas/IdeaProjects/play-template/test/controllers/ApplicationControllerSpec.scala:11:35: Cannot find an implicit ExecutionContext. You might add[0m
[0m[[0m[31merror[0m] [0m[0man (implicit ec: ExecutionContext) parameter to your method.[0m
[0m[[0m[31merror[0m] [0m[0m[0m
[0m[[0m[31merror[0m] [0m[0mThe ExecutionContext is used to configure how and on which[0m
[0m[[0m[31merror[0m] [0m[0mthread pools asynchronous tasks (such as Futures) will run,[0m
[0m[[0m[31merror[0m] [0m[0mso the specific ExecutionContext that is selected is important.[0m
[0m[[0m[31merror[0m] [0m[0m[0m
[0m[[0m[31merror[0m] [0m[0mIf your application does not define an ExecutionContext elsewhere,[0m
[0m[[0m[31merror[0m] [0m[0mconsider using Scala's global ExecutionContext by defining[0m
[0m[[0m[31merror[0m] [0m[0mthe following:[0m
[0m[[0m[31merror[0m] [0m[0m[0m
[0m[[0m[31merror[0m] [0m[0mimplicit val ec: scala.concurrent.ExecutionContext = scala.concurrent.ExecutionContext.global[0m
[0m[[0m[31merror[0m] [0m[0m  val TestApplicationController = new ApplicationController([0m
[0m[[0m[31merror[0m] [0m[0m                                  ^[0m
[0m[[0m[31merror[0m] [0m[0m/Users/omiros.trypatsas/IdeaProjects/play-template/test/controllers/ApplicationControllerSpec.scala:16:26: not found: type DataModel[0m
[0m[[0m[31merror[0m] [0m[0m  private val dataModel: DataModel = DataModel([0m
[0m[[0m[31merror[0m] [0m[0m                         ^[0m
[0m[[0m[31merror[0m] [0m[0m/Users/omiros.trypatsas/IdeaProjects/play-template/test/controllers/ApplicationControllerSpec.scala:16:38: not found: value DataModel[0m
[0m[[0m[31merror[0m] [0m[0m  private val dataModel: DataModel = DataModel([0m
[0m[[0m[31merror[0m] [0m[0m                                     ^[0m
[0m[[0m[31merror[0m] [0m[0m/Users/omiros.trypatsas/IdeaProjects/play-template/test/controllers/ApplicationControllerSpec.scala:37:32: not found: type JsValue[0m
[0m[[0m[31merror[0m] [0m[0m      val request: FakeRequest[JsValue] = buildPost("/api").withBody[JsValue](Json.toJson(dataModel))[0m
[0m[[0m[31merror[0m] [0m[0m                               ^[0m
[0m[[0m[31merror[0m] [0m[0m/Users/omiros.trypatsas/IdeaProjects/play-template/test/controllers/ApplicationControllerSpec.scala:37:70: not found: type JsValue[0m
[0m[[0m[31merror[0m] [0m[0m      val request: FakeRequest[JsValue] = buildPost("/api").withBody[JsValue](Json.toJson(dataModel))[0m
[0m[[0m[31merror[0m] [0m[0m                                                                     ^[0m
[0m[[0m[31merror[0m] [0m[0m/Users/omiros.trypatsas/IdeaProjects/play-template/test/controllers/ApplicationControllerSpec.scala:37:79: not found: value Json[0m
[0m[[0m[31merror[0m] [0m[0m      val request: FakeRequest[JsValue] = buildPost("/api").withBody[JsValue](Json.toJson(dataModel))[0m
[0m[[0m[31merror[0m] [0m[0m                                                                              ^[0m
[0m[[0m[31merror[0m] [0m[0m/Users/omiros.trypatsas/IdeaProjects/play-template/test/controllers/ApplicationControllerSpec.scala:38:26: not found: type Future[0m
[0m[[0m[31merror[0m] [0m[0m      val createdResult: Future[Result] = TestApplicationController.create()(request)[0m
[0m[[0m[31merror[0m] [0m[0m                         ^[0m
[0m[[0m[31merror[0m] [0m[0m/Users/omiros.trypatsas/IdeaProjects/play-template/test/controllers/ApplicationControllerSpec.scala:49:32: not found: type JsValue[0m
[0m[[0m[31merror[0m] [0m[0m      val request: FakeRequest[JsValue] = buildGet("/api/${dataModel._id}").withBody[JsValue](Json.toJson(dataModel))[0m
[0m[[0m[31merror[0m] [0m[0m                               ^[0m
[0m[[0m[31merror[0m] [0m[0m/Users/omiros.trypatsas/IdeaProjects/play-template/test/controllers/ApplicationControllerSpec.scala:49:86: not found: type JsValue[0m
[0m[[0m[31merror[0m] [0m[0m      val request: FakeRequest[JsValue] = buildGet("/api/${dataModel._id}").withBody[JsValue](Json.toJson(dataModel))[0m
[0m[[0m[31merror[0m] [0m[0m                                                                                     ^[0m
[0m[[0m[31merror[0m] [0m[0m/Users/omiros.trypatsas/IdeaProjects/play-template/test/controllers/ApplicationControllerSpec.scala:49:95: not found: value Json[0m
[0m[[0m[31merror[0m] [0m[0m      val request: FakeRequest[JsValue] = buildGet("/api/${dataModel._id}").withBody[JsValue](Json.toJson(dataModel))[0m
[0m[[0m[31merror[0m] [0m[0m                                                                                              ^[0m
[0m[[0m[31merror[0m] [0m[0m/Users/omiros.trypatsas/IdeaProjects/play-template/test/controllers/ApplicationControllerSpec.scala:50:26: not found: type Future[0m
[0m[[0m[31merror[0m] [0m[0m      val createdResult: Future[Result] = TestApplicationController.create()(request)[0m
[0m[[0m[31merror[0m] [0m[0m                         ^[0m
[0m[[0m[31merror[0m] [0m[0m/Users/omiros.trypatsas/IdeaProjects/play-template/test/controllers/ApplicationControllerSpec.scala:54:23: not found: type Future[0m
[0m[[0m[31merror[0m] [0m[0m      val readResult: Future[Result] = TestApplicationController.read("abcd")(FakeRequest())[0m
[0m[[0m[31merror[0m] [0m[0m                      ^[0m
[0m[[0m[31merror[0m] [0m[0m/Users/omiros.trypatsas/IdeaProjects/play-template/test/controllers/ApplicationControllerSpec.scala:57:36: not found: type ???[0m
[0m[[0m[31merror[0m] [0m[0m      contentAsJson(readResult).as[???] shouldBe ???[0m
[0m[[0m[31merror[0m] [0m[0m                                   ^[0m
[0m[[0m[31merror[0m] [0m[0m16 errors found[0m
[0m[[0m[31merror[0m] [0m[0m(Test / [31mcompileIncremental[0m) Compilation failed[0m
[0m[[0m[31merror[0m] [0m[0mTotal time: 2 s, completed 19 Dec 2023, 17:53:46[0m
[0m[[0m[0mdebug[0m] [0m[0m> Exec(idea-shell, None, None)[0m
