[0m[[0m[0mdebug[0m] [0m[0m> Exec(run, None, None)[0m
[0m[[0m[0mdebug[0m] [0m[0mEvaluating tasks: Compile / run[0m
[0m[[0m[0mdebug[0m] [0m[0mRunning task... Cancel: Signal, check cycles: false, forcegc: true[0m
[0m[[0m[0mdebug[0m] [0m[0mRunning task... Cancel: Signal, check cycles: false, forcegc: true[0m
[0m[[0m[0minfo[0m] [0m[0mcompiling 1 Scala source to /Users/omiros.trypatsas/IdeaProjects/play-template/target/scala-2.13/classes ...[0m
[0m[[0m[31merror[0m] [0m[0m/Users/omiros.trypatsas/IdeaProjects/play-template/app/controllers/ApplicationController.scala:32:12: constructor cannot be instantiated to expected type;[0m
[0m[[0m[31merror[0m] [0m[0m found   : scala.util.Right[A,B][0m
[0m[[0m[31merror[0m] [0m[0m required: models.DataModel[0m
[0m[[0m[31merror[0m] [0m[0m      case Right(item: DataModel) => Ok(Json.toJson(item))[0m
[0m[[0m[31merror[0m] [0m[0m           ^[0m
[0m[[0m[31merror[0m] [0m[0m/Users/omiros.trypatsas/IdeaProjects/play-template/app/controllers/ApplicationController.scala:33:12: constructor cannot be instantiated to expected type;[0m
[0m[[0m[31merror[0m] [0m[0m found   : scala.util.Left[A,B][0m
[0m[[0m[31merror[0m] [0m[0m required: models.DataModel[0m
[0m[[0m[31merror[0m] [0m[0m      case Left(error) => BadRequest(Json.toJson(error))[0m
[0m[[0m[31merror[0m] [0m[0m           ^[0m
[0m[[0m[31merror[0m] [0m[0mtwo errors found[0m
[0m[[0m[31merror[0m] [0m[0m(Compile / [31mcompileIncremental[0m) Compilation failed[0m
[0m[[0m[0mdebug[0m] [0m[0mRunning task... Cancel: Signal, check cycles: false, forcegc: true[0m
[0m[[0m[0mdebug[0m] [0m[0mRunning task... Cancel: Signal, check cycles: false, forcegc: true[0m
[0m[[0m[0mdebug[0m] [0m[0mRunning task... Cancel: Signal, check cycles: false, forcegc: true[0m
[0m[[0m[0minfo[0m] [0m[0mcompiling 1 Scala source to /Users/omiros.trypatsas/IdeaProjects/play-template/target/scala-2.13/classes ...[0m
[0m[[0m[31merror[0m] [0m[0m/Users/omiros.trypatsas/IdeaProjects/play-template/app/controllers/ApplicationController.scala:32:12: constructor cannot be instantiated to expected type;[0m
[0m[[0m[31merror[0m] [0m[0m found   : scala.util.Right[A,B][0m
[0m[[0m[31merror[0m] [0m[0m required: models.DataModel[0m
[0m[[0m[31merror[0m] [0m[0m      case Right(item: DataModel) => Ok(Json.toJson(item))[0m
[0m[[0m[31merror[0m] [0m[0m           ^[0m
[0m[[0m[31merror[0m] [0m[0m/Users/omiros.trypatsas/IdeaProjects/play-template/app/controllers/ApplicationController.scala:33:12: constructor cannot be instantiated to expected type;[0m
[0m[[0m[31merror[0m] [0m[0m found   : scala.util.Left[A,B][0m
[0m[[0m[31merror[0m] [0m[0m required: models.DataModel[0m
[0m[[0m[31merror[0m] [0m[0m      case Left(error) => BadRequest(Json.toJson(error))[0m
[0m[[0m[31merror[0m] [0m[0m           ^[0m
[0m[[0m[31merror[0m] [0m[0mtwo errors found[0m
[0m[[0m[31merror[0m] [0m[0m(Compile / [31mcompileIncremental[0m) Compilation failed[0m
[0m[[0m[0mdebug[0m] [0m[0mRunning task... Cancel: Signal, check cycles: false, forcegc: true[0m
[0m[[0m[0mdebug[0m] [0m[0mRunning task... Cancel: Signal, check cycles: false, forcegc: true[0m
[0m[[0m[0mdebug[0m] [0m[0mRunning task... Cancel: Signal, check cycles: false, forcegc: true[0m
[0m[[0m[0minfo[0m] [0m[0mcompiling 1 Scala source to /Users/omiros.trypatsas/IdeaProjects/play-template/target/scala-2.13/classes ...[0m
[0m[[0m[31merror[0m] [0m[0m/Users/omiros.trypatsas/IdeaProjects/play-template/app/controllers/ApplicationController.scala:32:12: constructor cannot be instantiated to expected type;[0m
[0m[[0m[31merror[0m] [0m[0m found   : scala.util.Right[A,B][0m
[0m[[0m[31merror[0m] [0m[0m required: models.DataModel[0m
[0m[[0m[31merror[0m] [0m[0m      case Right(item: DataModel) => Ok(Json.toJson(item))[0m
[0m[[0m[31merror[0m] [0m[0m           ^[0m
[0m[[0m[31merror[0m] [0m[0m/Users/omiros.trypatsas/IdeaProjects/play-template/app/controllers/ApplicationController.scala:33:12: constructor cannot be instantiated to expected type;[0m
[0m[[0m[31merror[0m] [0m[0m found   : scala.util.Left[A,B][0m
[0m[[0m[31merror[0m] [0m[0m required: models.DataModel[0m
[0m[[0m[31merror[0m] [0m[0m      case Left(error) => Status(INTERNAL_SERVER_ERROR)(Json.toJson(s"Unable to read data: $error"))[0m
[0m[[0m[31merror[0m] [0m[0m           ^[0m
[0m[[0m[31merror[0m] [0m[0mtwo errors found[0m
[0m[[0m[0mdebug[0m] [0m[0mForcing garbage collection...[0m
[0m[[0m[31merror[0m] [0m[0m(Compile / [31mcompileIncremental[0m) Compilation failed[0m
[0m[[0m[0mdebug[0m] [0m[0mRunning task... Cancel: Signal, check cycles: false, forcegc: true[0m
[0m[[0m[0mdebug[0m] [0m[0mRunning task... Cancel: Signal, check cycles: false, forcegc: true[0m
[0m[[0m[0mdebug[0m] [0m[0mRunning task... Cancel: Signal, check cycles: false, forcegc: true[0m
[0m[[0m[0minfo[0m] [0m[0mcompiling 1 Scala source to /Users/omiros.trypatsas/IdeaProjects/play-template/target/scala-2.13/classes ...[0m
[0m[[0m[31merror[0m] [0m[0m/Users/omiros.trypatsas/IdeaProjects/play-template/app/controllers/ApplicationController.scala:32:12: constructor cannot be instantiated to expected type;[0m
[0m[[0m[31merror[0m] [0m[0m found   : scala.util.Right[A,B][0m
[0m[[0m[31merror[0m] [0m[0m required: models.DataModel[0m
[0m[[0m[31merror[0m] [0m[0m      case Right(item: DataModel) => Ok(Json.toJson(item))[0m
[0m[[0m[31merror[0m] [0m[0m           ^[0m
[0m[[0m[31merror[0m] [0m[0m/Users/omiros.trypatsas/IdeaProjects/play-template/app/controllers/ApplicationController.scala:33:12: constructor cannot be instantiated to expected type;[0m
[0m[[0m[31merror[0m] [0m[0m found   : scala.util.Left[A,B][0m
[0m[[0m[31merror[0m] [0m[0m required: models.DataModel[0m
[0m[[0m[31merror[0m] [0m[0m      case Left(error) => NotFound(Json.toJson("No data found"))[0m
[0m[[0m[31merror[0m] [0m[0m           ^[0m
[0m[[0m[31merror[0m] [0m[0mtwo errors found[0m
[0m[[0m[31merror[0m] [0m[0m(Compile / [31mcompileIncremental[0m) Compilation failed[0m
[0m[[0m[0mdebug[0m] [0m[0mRunning task... Cancel: Signal, check cycles: false, forcegc: true[0m
[0m[[0m[0mdebug[0m] [0m[0mRunning task... Cancel: Signal, check cycles: false, forcegc: true[0m
[0m[[0m[33mwarn[0m] [0m[0mCanceling execution...[0m
[0m[[0m[31merror[0m] [0m[0mCancelled: run[0m
[0m[[0m[31merror[0m] [0m[0mCancelled: run[0m
[0m[[0m[31merror[0m] [0m[0mUse 'last' for the full log.[0m
[0m[[0m[0mdebug[0m] [0m[0m> Exec(idea-shell, None, None)[0m
