[0m[[0m[0mdebug[0m] [0m[0m> Exec(run, None, None)[0m
[0m[[0m[0mdebug[0m] [0m[0mEvaluating tasks: Compile / run[0m
[0m[[0m[0mdebug[0m] [0m[0mRunning task... Cancel: Signal, check cycles: false, forcegc: true[0m
[0m[[0m[0mdebug[0m] [0m[0mRunning task... Cancel: Signal, check cycles: false, forcegc: true[0m
[0m[[0m[0minfo[0m] [0m[0mcompiling 3 Scala sources to /Users/omiros.trypatsas/IdeaProjects/play-template/target/scala-2.13/classes ...[0m
[0m[[0m[31merror[0m] [0m[0m/Users/omiros.trypatsas/IdeaProjects/play-template/app/controllers/ApplicationController.scala:30:45: ';' expected but '=' found.[0m
[0m[[0m[31merror[0m] [0m[0m  def read(id: String) = Action[AnyContent] = Action.async { implicit request =>[0m
[0m[[0m[31merror[0m] [0m[0m                                            ^[0m
[0m[[0m[31merror[0m] [0m[0m/Users/omiros.trypatsas/IdeaProjects/play-template/app/controllers/ApplicationController.scala:33:5: Missing closing brace `}` assumed here[0m
[0m[[0m[31merror[0m] [0m[0m    }[0m
[0m[[0m[31merror[0m] [0m[0m    ^[0m
[0m[[0m[31merror[0m] [0m[0mtwo errors found[0m
[0m[[0m[0mdebug[0m] [0m[0mForcing garbage collection...[0m
[0m[[0m[31merror[0m] [0m[0m(Compile / [31mcompileIncremental[0m) Compilation failed[0m
[0m[[0m[0mdebug[0m] [0m[0mRunning task... Cancel: Signal, check cycles: false, forcegc: true[0m
[0m[[0m[0mdebug[0m] [0m[0mRunning task... Cancel: Signal, check cycles: false, forcegc: true[0m
[0m[[0m[0mdebug[0m] [0m[0mRunning task... Cancel: Signal, check cycles: false, forcegc: true[0m
[0m[[0m[0minfo[0m] [0m[0mcompiling 3 Scala sources to /Users/omiros.trypatsas/IdeaProjects/play-template/target/scala-2.13/classes ...[0m
[0m[[0m[31merror[0m] [0m[0m/Users/omiros.trypatsas/IdeaProjects/play-template/app/controllers/ApplicationController.scala:33:5: Missing closing brace `}` assumed here[0m
[0m[[0m[31merror[0m] [0m[0m    }[0m
[0m[[0m[31merror[0m] [0m[0m    ^[0m
[0m[[0m[31merror[0m] [0m[0m/Users/omiros.trypatsas/IdeaProjects/play-template/app/controllers/ApplicationController.scala:34:7: '}' expected but 'case' found.[0m
[0m[[0m[31merror[0m] [0m[0m      case Left(error) => Status(error)(Json.toJson("Unable to read any books"))[0m
[0m[[0m[31merror[0m] [0m[0m      ^[0m
[0m[[0m[31merror[0m] [0m[0m/Users/omiros.trypatsas/IdeaProjects/play-template/app/controllers/ApplicationController.scala:36:3: expected class or object definition[0m
[0m[[0m[31merror[0m] [0m[0m  def update(id: String) = TODO[0m
[0m[[0m[31merror[0m] [0m[0m  ^[0m
[0m[[0m[31merror[0m] [0m[0m/Users/omiros.trypatsas/IdeaProjects/play-template/app/controllers/ApplicationController.scala:37:3: expected class or object definition[0m
[0m[[0m[31merror[0m] [0m[0m  def delete(id: String) = TODO[0m
[0m[[0m[31merror[0m] [0m[0m  ^[0m
[0m[[0m[31merror[0m] [0m[0m/Users/omiros.trypatsas/IdeaProjects/play-template/app/controllers/ApplicationController.scala:38:1: eof expected but '}' found.[0m
[0m[[0m[31merror[0m] [0m[0m}[0m
[0m[[0m[31merror[0m] [0m[0m^[0m
[0m[[0m[31merror[0m] [0m[0m5 errors found[0m
[0m[[0m[31merror[0m] [0m[0m(Compile / [31mcompileIncremental[0m) Compilation failed[0m
[0m[[0m[0mdebug[0m] [0m[0mRunning task... Cancel: Signal, check cycles: false, forcegc: true[0m
[0m[[0m[0mdebug[0m] [0m[0mRunning task... Cancel: Signal, check cycles: false, forcegc: true[0m
[0m[[0m[0mdebug[0m] [0m[0mRunning task... Cancel: Signal, check cycles: false, forcegc: true[0m
[0m[[0m[0minfo[0m] [0m[0mcompiling 3 Scala sources to /Users/omiros.trypatsas/IdeaProjects/play-template/target/scala-2.13/classes ...[0m
[0m[[0m[31merror[0m] [0m[0m/Users/omiros.trypatsas/IdeaProjects/play-template/app/controllers/ApplicationController.scala:12:141: not found: type ExecutionContext[0m
[0m[[0m[31merror[0m] [0m[0mclass ApplicationController @Inject()(val controllerComponents: ControllerComponents, val dataRepository: DataRepository)( implicit val ec: ExecutionContext) extends BaseController {[0m
[0m[[0m[31merror[0m] [0m[0m                                                                                                                                            ^[0m
[0m[[0m[31merror[0m] [0m[0m/Users/omiros.trypatsas/IdeaProjects/play-template/app/controllers/ApplicationController.scala:14:32: Cannot find an implicit ExecutionContext. You might add[0m
[0m[[0m[31merror[0m] [0m[0man (implicit ec: ExecutionContext) parameter to your method.[0m
[0m[[0m[31merror[0m] [0m[0m[0m
[0m[[0m[31merror[0m] [0m[0mThe ExecutionContext is used to configure how and on which[0m
[0m[[0m[31merror[0m] [0m[0mthread pools asynchronous tasks (such as Futures) will run,[0m
[0m[[0m[31merror[0m] [0m[0mso the specific ExecutionContext that is selected is important.[0m
[0m[[0m[31merror[0m] [0m[0m[0m
[0m[[0m[31merror[0m] [0m[0mIf your application does not define an ExecutionContext elsewhere,[0m
[0m[[0m[31merror[0m] [0m[0mconsider using Scala's global ExecutionContext by defining[0m
[0m[[0m[31merror[0m] [0m[0mthe following:[0m
[0m[[0m[31merror[0m] [0m[0m[0m
[0m[[0m[31merror[0m] [0m[0mimplicit val ec: scala.concurrent.ExecutionContext = scala.concurrent.ExecutionContext.global[0m
[0m[[0m[31merror[0m] [0m[0m    dataRepository.index().map {[0m
[0m[[0m[31merror[0m] [0m[0m                               ^[0m
[0m[[0m[31merror[0m] [0m[0m/Users/omiros.trypatsas/IdeaProjects/play-template/app/controllers/ApplicationController.scala:25:45: Cannot find an implicit ExecutionContext. You might add[0m
[0m[[0m[31merror[0m] [0m[0man (implicit ec: ExecutionContext) parameter to your method.[0m
[0m[[0m[31merror[0m] [0m[0m[0m
[0m[[0m[31merror[0m] [0m[0mThe ExecutionContext is used to configure how and on which[0m
[0m[[0m[31merror[0m] [0m[0mthread pools asynchronous tasks (such as Futures) will run,[0m
[0m[[0m[31merror[0m] [0m[0mso the specific ExecutionContext that is selected is important.[0m
[0m[[0m[31merror[0m] [0m[0m[0m
[0m[[0m[31merror[0m] [0m[0mIf your application does not define an ExecutionContext elsewhere,[0m
[0m[[0m[31merror[0m] [0m[0mconsider using Scala's global ExecutionContext by defining[0m
[0m[[0m[31merror[0m] [0m[0mthe following:[0m
[0m[[0m[31merror[0m] [0m[0m[0m
[0m[[0m[31merror[0m] [0m[0mimplicit val ec: scala.concurrent.ExecutionContext = scala.concurrent.ExecutionContext.global[0m
[0m[[0m[31merror[0m] [0m[0m        dataRepository.create(dataModel).map(_ => Created)[0m
[0m[[0m[31merror[0m] [0m[0m                                            ^[0m
[0m[[0m[31merror[0m] [0m[0m/Users/omiros.trypatsas/IdeaProjects/play-template/app/controllers/ApplicationController.scala:26:32: Cannot find an implicit ExecutionContext. You might add[0m
[0m[[0m[31merror[0m] [0m[0man (implicit ec: ExecutionContext) parameter to your method.[0m
[0m[[0m[31merror[0m] [0m[0m[0m
[0m[[0m[31merror[0m] [0m[0mThe ExecutionContext is used to configure how and on which[0m
[0m[[0m[31merror[0m] [0m[0mthread pools asynchronous tasks (such as Futures) will run,[0m
[0m[[0m[31merror[0m] [0m[0mso the specific ExecutionContext that is selected is important.[0m
[0m[[0m[31merror[0m] [0m[0m[0m
[0m[[0m[31merror[0m] [0m[0mIf your application does not define an ExecutionContext elsewhere,[0m
[0m[[0m[31merror[0m] [0m[0mconsider using Scala's global ExecutionContext by defining[0m
[0m[[0m[31merror[0m] [0m[0mthe following:[0m
[0m[[0m[31merror[0m] [0m[0m[0m
[0m[[0m[31merror[0m] [0m[0mimplicit val ec: scala.concurrent.ExecutionContext = scala.concurrent.ExecutionContext.global[0m
[0m[[0m[31merror[0m] [0m[0m      case JsError(_) => Future(BadRequest)[0m
[0m[[0m[31merror[0m] [0m[0m                               ^[0m
[0m[[0m[31merror[0m] [0m[0m/Users/omiros.trypatsas/IdeaProjects/play-template/app/controllers/ApplicationController.scala:32:12: constructor cannot be instantiated to expected type;[0m
[0m[[0m[31merror[0m] [0m[0m found   : scala.util.Right[A,B][0m
[0m[[0m[31merror[0m] [0m[0m required: models.DataModel[0m
[0m[[0m[31merror[0m] [0m[0m      case Right(item: Seq[DataModel]) => Ok {[0m
[0m[[0m[31merror[0m] [0m[0m           ^[0m
[0m[[0m[31merror[0m] [0m[0m/Users/omiros.trypatsas/IdeaProjects/play-template/app/controllers/ApplicationController.scala:34:12: constructor cannot be instantiated to expected type;[0m
[0m[[0m[31merror[0m] [0m[0m found   : scala.util.Left[A,B][0m
[0m[[0m[31merror[0m] [0m[0m required: models.DataModel[0m
[0m[[0m[31merror[0m] [0m[0m      case Left(error) => Status(error)(Json.toJson("Unable to read any books"))[0m
[0m[[0m[31merror[0m] [0m[0m           ^[0m
[0m[[0m[33mwarn[0m] [0m[0m/Users/omiros.trypatsas/IdeaProjects/play-template/app/repositories/DataRepository.scala:45:31: Auto-application to `()` is deprecated. Supply the empty argument list `()` explicitly to invoke method headOption,[0m
[0m[[0m[33mwarn[0m] [0m[0mor remove the empty argument list from its definition (Java-defined methods are exempt).[0m
[0m[[0m[33mwarn[0m] [0m[0mIn Scala 3, an unapplied method like this will be eta-expanded into a function.[0m
[0m[[0m[33mwarn[0m] [0m[0m    collection.find(byID(id)).headOption flatMap { // byID is a query used to filter the collection.[0m
[0m[[0m[33mwarn[0m] [0m[0m                              ^[0m
[0m[[0m[33mwarn[0m] [0m[0mone warning found[0m
[0m[[0m[31merror[0m] [0m[0m6 errors found[0m
[0m[[0m[31merror[0m] [0m[0m(Compile / [31mcompileIncremental[0m) Compilation failed[0m
[0m[[0m[0mdebug[0m] [0m[0mRunning task... Cancel: Signal, check cycles: false, forcegc: true[0m
[0m[[0m[0mdebug[0m] [0m[0mRunning task... Cancel: Signal, check cycles: false, forcegc: true[0m
[0m[[0m[0mdebug[0m] [0m[0mRunning task... Cancel: Signal, check cycles: false, forcegc: true[0m
[0m[[0m[0minfo[0m] [0m[0mcompiling 3 Scala sources to /Users/omiros.trypatsas/IdeaProjects/play-template/target/scala-2.13/classes ...[0m
[0m[[0m[31merror[0m] [0m[0m/Users/omiros.trypatsas/IdeaProjects/play-template/app/controllers/ApplicationController.scala:32:12: constructor cannot be instantiated to expected type;[0m
[0m[[0m[31merror[0m] [0m[0m found   : scala.util.Right[A,B][0m
[0m[[0m[31merror[0m] [0m[0m required: models.DataModel[0m
[0m[[0m[31merror[0m] [0m[0m      case Right(item: Seq[DataModel]) => Ok {[0m
[0m[[0m[31merror[0m] [0m[0m           ^[0m
[0m[[0m[31merror[0m] [0m[0m/Users/omiros.trypatsas/IdeaProjects/play-template/app/controllers/ApplicationController.scala:34:12: constructor cannot be instantiated to expected type;[0m
[0m[[0m[31merror[0m] [0m[0m found   : scala.util.Left[A,B][0m
[0m[[0m[31merror[0m] [0m[0m required: models.DataModel[0m
[0m[[0m[31merror[0m] [0m[0m      case Left(error) => Status(error)(Json.toJson("Unable to read any books"))[0m
[0m[[0m[31merror[0m] [0m[0m           ^[0m
[0m[[0m[33mwarn[0m] [0m[0m/Users/omiros.trypatsas/IdeaProjects/play-template/app/repositories/DataRepository.scala:45:31: Auto-application to `()` is deprecated. Supply the empty argument list `()` explicitly to invoke method headOption,[0m
[0m[[0m[33mwarn[0m] [0m[0mor remove the empty argument list from its definition (Java-defined methods are exempt).[0m
[0m[[0m[33mwarn[0m] [0m[0mIn Scala 3, an unapplied method like this will be eta-expanded into a function.[0m
[0m[[0m[33mwarn[0m] [0m[0m    collection.find(byID(id)).headOption flatMap { // byID is a query used to filter the collection.[0m
[0m[[0m[33mwarn[0m] [0m[0m                              ^[0m
[0m[[0m[33mwarn[0m] [0m[0mone warning found[0m
[0m[[0m[31merror[0m] [0m[0mtwo errors found[0m
[0m[[0m[0mdebug[0m] [0m[0mForcing garbage collection...[0m
[0m[[0m[31merror[0m] [0m[0m(Compile / [31mcompileIncremental[0m) Compilation failed[0m
[0m[[0m[0mdebug[0m] [0m[0mRunning task... Cancel: Signal, check cycles: false, forcegc: true[0m
[0m[[0m[0mdebug[0m] [0m[0mRunning task... Cancel: Signal, check cycles: false, forcegc: true[0m
[0m[[0m[0mdebug[0m] [0m[0mRunning task... Cancel: Signal, check cycles: false, forcegc: true[0m
[0m[[0m[0minfo[0m] [0m[0mcompiling 3 Scala sources to /Users/omiros.trypatsas/IdeaProjects/play-template/target/scala-2.13/classes ...[0m
[0m[[0m[31merror[0m] [0m[0m/Users/omiros.trypatsas/IdeaProjects/play-template/app/controllers/ApplicationController.scala:32:12: constructor cannot be instantiated to expected type;[0m
[0m[[0m[31merror[0m] [0m[0m found   : scala.util.Right[A,B][0m
[0m[[0m[31merror[0m] [0m[0m required: models.DataModel[0m
[0m[[0m[31merror[0m] [0m[0m      case Right(item: Seq[DataModel]) => Ok {[0m
[0m[[0m[31merror[0m] [0m[0m           ^[0m
[0m[[0m[31merror[0m] [0m[0m/Users/omiros.trypatsas/IdeaProjects/play-template/app/controllers/ApplicationController.scala:35:12: constructor cannot be instantiated to expected type;[0m
[0m[[0m[31merror[0m] [0m[0m found   : scala.util.Left[A,B][0m
[0m[[0m[31merror[0m] [0m[0m required: models.DataModel[0m
[0m[[0m[31merror[0m] [0m[0m      case Left(error) => Status(error)(Json.toJson("Unable to read any books"))[0m
[0m[[0m[31merror[0m] [0m[0m           ^[0m
[0m[[0m[33mwarn[0m] [0m[0m/Users/omiros.trypatsas/IdeaProjects/play-template/app/repositories/DataRepository.scala:45:31: Auto-application to `()` is deprecated. Supply the empty argument list `()` explicitly to invoke method headOption,[0m
[0m[[0m[33mwarn[0m] [0m[0mor remove the empty argument list from its definition (Java-defined methods are exempt).[0m
[0m[[0m[33mwarn[0m] [0m[0mIn Scala 3, an unapplied method like this will be eta-expanded into a function.[0m
[0m[[0m[33mwarn[0m] [0m[0m    collection.find(byID(id)).headOption flatMap { // byID is a query used to filter the collection.[0m
[0m[[0m[33mwarn[0m] [0m[0m                              ^[0m
[0m[[0m[33mwarn[0m] [0m[0mone warning found[0m
[0m[[0m[31merror[0m] [0m[0mtwo errors found[0m
[0m[[0m[31merror[0m] [0m[0m(Compile / [31mcompileIncremental[0m) Compilation failed[0m
[0m[[0m[0mdebug[0m] [0m[0mRunning task... Cancel: Signal, check cycles: false, forcegc: true[0m
[0m[[0m[0mdebug[0m] [0m[0mRunning task... Cancel: Signal, check cycles: false, forcegc: true[0m
[0m[[0m[0mdebug[0m] [0m[0mRunning task... Cancel: Signal, check cycles: false, forcegc: true[0m
[0m[[0m[0minfo[0m] [0m[0mcompiling 3 Scala sources to /Users/omiros.trypatsas/IdeaProjects/play-template/target/scala-2.13/classes ...[0m
[0m[[0m[31merror[0m] [0m[0m/Users/omiros.trypatsas/IdeaProjects/play-template/app/controllers/ApplicationController.scala:32:12: constructor cannot be instantiated to expected type;[0m
[0m[[0m[31merror[0m] [0m[0m found   : scala.util.Right[A,B][0m
[0m[[0m[31merror[0m] [0m[0m required: models.DataModel[0m
[0m[[0m[31merror[0m] [0m[0m      case Right(item: Seq[DataModel]) => Ok {[0m
[0m[[0m[31merror[0m] [0m[0m           ^[0m
[0m[[0m[31merror[0m] [0m[0m/Users/omiros.trypatsas/IdeaProjects/play-template/app/controllers/ApplicationController.scala:35:12: constructor cannot be instantiated to expected type;[0m
[0m[[0m[31merror[0m] [0m[0m found   : scala.util.Left[A,B][0m
[0m[[0m[31merror[0m] [0m[0m required: models.DataModel[0m
[0m[[0m[31merror[0m] [0m[0m      case Left(error) => Status(error)(Json.toJson("Unable to read any books"))[0m
[0m[[0m[31merror[0m] [0m[0m           ^[0m
[0m[[0m[33mwarn[0m] [0m[0m/Users/omiros.trypatsas/IdeaProjects/play-template/app/repositories/DataRepository.scala:45:31: Auto-application to `()` is deprecated. Supply the empty argument list `()` explicitly to invoke method headOption,[0m
[0m[[0m[33mwarn[0m] [0m[0mor remove the empty argument list from its definition (Java-defined methods are exempt).[0m
[0m[[0m[33mwarn[0m] [0m[0mIn Scala 3, an unapplied method like this will be eta-expanded into a function.[0m
[0m[[0m[33mwarn[0m] [0m[0m    collection.find(byID(id)).headOption flatMap { // byID is a query used to filter the collection.[0m
[0m[[0m[33mwarn[0m] [0m[0m                              ^[0m
[0m[[0m[33mwarn[0m] [0m[0mone warning found[0m
[0m[[0m[31merror[0m] [0m[0mtwo errors found[0m
[0m[[0m[31merror[0m] [0m[0m(Compile / [31mcompileIncremental[0m) Compilation failed[0m
[0m[[0m[0mdebug[0m] [0m[0mRunning task... Cancel: Signal, check cycles: false, forcegc: true[0m
[0m[[0m[0mdebug[0m] [0m[0mRunning task... Cancel: Signal, check cycles: false, forcegc: true[0m
[0m[[0m[0mdebug[0m] [0m[0mRunning task... Cancel: Signal, check cycles: false, forcegc: true[0m
[0m[[0m[0minfo[0m] [0m[0mcompiling 3 Scala sources to /Users/omiros.trypatsas/IdeaProjects/play-template/target/scala-2.13/classes ...[0m
[0m[[0m[31merror[0m] [0m[0m/Users/omiros.trypatsas/IdeaProjects/play-template/app/controllers/ApplicationController.scala:32:12: constructor cannot be instantiated to expected type;[0m
[0m[[0m[31merror[0m] [0m[0m found   : scala.util.Right[A,B][0m
[0m[[0m[31merror[0m] [0m[0m required: models.DataModel[0m
[0m[[0m[31merror[0m] [0m[0m      case Right(item: Seq[DataModel.id]) => Ok {[0m
[0m[[0m[31merror[0m] [0m[0m           ^[0m
[0m[[0m[31merror[0m] [0m[0m/Users/omiros.trypatsas/IdeaProjects/play-template/app/controllers/ApplicationController.scala:32:38: type id is not a member of object models.DataModel[0m
[0m[[0m[31merror[0m] [0m[0m      case Right(item: Seq[DataModel.id]) => Ok {[0m
[0m[[0m[31merror[0m] [0m[0m                                     ^[0m
[0m[[0m[31merror[0m] [0m[0m/Users/omiros.trypatsas/IdeaProjects/play-template/app/controllers/ApplicationController.scala:35:12: constructor cannot be instantiated to expected type;[0m
[0m[[0m[31merror[0m] [0m[0m found   : scala.util.Left[A,B][0m
[0m[[0m[31merror[0m] [0m[0m required: models.DataModel[0m
[0m[[0m[31merror[0m] [0m[0m      case Left(error) => Status(error)(Json.toJson("Unable to read any books"))[0m
[0m[[0m[31merror[0m] [0m[0m           ^[0m
[0m[[0m[33mwarn[0m] [0m[0m/Users/omiros.trypatsas/IdeaProjects/play-template/app/repositories/DataRepository.scala:45:31: Auto-application to `()` is deprecated. Supply the empty argument list `()` explicitly to invoke method headOption,[0m
[0m[[0m[33mwarn[0m] [0m[0mor remove the empty argument list from its definition (Java-defined methods are exempt).[0m
[0m[[0m[33mwarn[0m] [0m[0mIn Scala 3, an unapplied method like this will be eta-expanded into a function.[0m
[0m[[0m[33mwarn[0m] [0m[0m    collection.find(byID(id)).headOption flatMap { // byID is a query used to filter the collection.[0m
[0m[[0m[33mwarn[0m] [0m[0m                              ^[0m
[0m[[0m[33mwarn[0m] [0m[0mone warning found[0m
[0m[[0m[31merror[0m] [0m[0mthree errors found[0m
[0m[[0m[0mdebug[0m] [0m[0mForcing garbage collection...[0m
[0m[[0m[31merror[0m] [0m[0m(Compile / [31mcompileIncremental[0m) Compilation failed[0m
[0m[[0m[0mdebug[0m] [0m[0mRunning task... Cancel: Signal, check cycles: false, forcegc: true[0m
[0m[[0m[0mdebug[0m] [0m[0mRunning task... Cancel: Signal, check cycles: false, forcegc: true[0m
[0m[[0m[0mdebug[0m] [0m[0mRunning task... Cancel: Signal, check cycles: false, forcegc: true[0m
[0m[[0m[0minfo[0m] [0m[0mcompiling 3 Scala sources to /Users/omiros.trypatsas/IdeaProjects/play-template/target/scala-2.13/classes ...[0m
[0m[[0m[31merror[0m] [0m[0m/Users/omiros.trypatsas/IdeaProjects/play-template/app/controllers/ApplicationController.scala:32:12: constructor cannot be instantiated to expected type;[0m
[0m[[0m[31merror[0m] [0m[0m found   : scala.util.Right[A,B][0m
[0m[[0m[31merror[0m] [0m[0m required: models.DataModel[0m
[0m[[0m[31merror[0m] [0m[0m      case Right(item: Seq[DataModel.id]) => Ok {[0m
[0m[[0m[31merror[0m] [0m[0m           ^[0m
[0m[[0m[31merror[0m] [0m[0m/Users/omiros.trypatsas/IdeaProjects/play-template/app/controllers/ApplicationController.scala:32:38: type id is not a member of object models.DataModel[0m
[0m[[0m[31merror[0m] [0m[0m      case Right(item: Seq[DataModel.id]) => Ok {[0m
[0m[[0m[31merror[0m] [0m[0m                                     ^[0m
[0m[[0m[31merror[0m] [0m[0m/Users/omiros.trypatsas/IdeaProjects/play-template/app/controllers/ApplicationController.scala:35:12: constructor cannot be instantiated to expected type;[0m
[0m[[0m[31merror[0m] [0m[0m found   : scala.util.Left[A,B][0m
[0m[[0m[31merror[0m] [0m[0m required: models.DataModel[0m
[0m[[0m[31merror[0m] [0m[0m      case Left(error) => Status(error)(Json.toJson("Unable to read any books"))[0m
[0m[[0m[31merror[0m] [0m[0m           ^[0m
[0m[[0m[33mwarn[0m] [0m[0m/Users/omiros.trypatsas/IdeaProjects/play-template/app/repositories/DataRepository.scala:45:31: Auto-application to `()` is deprecated. Supply the empty argument list `()` explicitly to invoke method headOption,[0m
[0m[[0m[33mwarn[0m] [0m[0mor remove the empty argument list from its definition (Java-defined methods are exempt).[0m
[0m[[0m[33mwarn[0m] [0m[0mIn Scala 3, an unapplied method like this will be eta-expanded into a function.[0m
[0m[[0m[33mwarn[0m] [0m[0m    collection.find(byID(id)).headOption flatMap { // byID is a query used to filter the collection.[0m
[0m[[0m[33mwarn[0m] [0m[0m                              ^[0m
[0m[[0m[33mwarn[0m] [0m[0mone warning found[0m
[0m[[0m[31merror[0m] [0m[0mthree errors found[0m
[0m[[0m[31merror[0m] [0m[0m(Compile / [31mcompileIncremental[0m) Compilation failed[0m
[0m[[0m[0mdebug[0m] [0m[0mRunning task... Cancel: Signal, check cycles: false, forcegc: true[0m
[0m[[0m[0mdebug[0m] [0m[0mRunning task... Cancel: Signal, check cycles: false, forcegc: true[0m
[0m[[0m[0mdebug[0m] [0m[0mRunning task... Cancel: Signal, check cycles: false, forcegc: true[0m
[0m[[0m[0minfo[0m] [0m[0mcompiling 3 Scala sources to /Users/omiros.trypatsas/IdeaProjects/play-template/target/scala-2.13/classes ...[0m
[0m[[0m[31merror[0m] [0m[0m/Users/omiros.trypatsas/IdeaProjects/play-template/app/controllers/ApplicationController.scala:32:12: constructor cannot be instantiated to expected type;[0m
[0m[[0m[31merror[0m] [0m[0m found   : scala.util.Right[A,B][0m
[0m[[0m[31merror[0m] [0m[0m required: models.DataModel[0m
[0m[[0m[31merror[0m] [0m[0m      case Right(item: Seq[DataModel.id], _) => Ok {[0m
[0m[[0m[31merror[0m] [0m[0m           ^[0m
[0m[[0m[31merror[0m] [0m[0m/Users/omiros.trypatsas/IdeaProjects/play-template/app/controllers/ApplicationController.scala:32:38: type id is not a member of object models.DataModel[0m
[0m[[0m[31merror[0m] [0m[0m      case Right(item: Seq[DataModel.id], _) => Ok {[0m
[0m[[0m[31merror[0m] [0m[0m                                     ^[0m
[0m[[0m[31merror[0m] [0m[0m/Users/omiros.trypatsas/IdeaProjects/play-template/app/controllers/ApplicationController.scala:35:12: constructor cannot be instantiated to expected type;[0m
[0m[[0m[31merror[0m] [0m[0m found   : scala.util.Left[A,B][0m
[0m[[0m[31merror[0m] [0m[0m required: models.DataModel[0m
[0m[[0m[31merror[0m] [0m[0m      case Left(error) => Status(error)(Json.toJson("Unable to read any books"))[0m
[0m[[0m[31merror[0m] [0m[0m           ^[0m
[0m[[0m[33mwarn[0m] [0m[0m/Users/omiros.trypatsas/IdeaProjects/play-template/app/repositories/DataRepository.scala:45:31: Auto-application to `()` is deprecated. Supply the empty argument list `()` explicitly to invoke method headOption,[0m
[0m[[0m[33mwarn[0m] [0m[0mor remove the empty argument list from its definition (Java-defined methods are exempt).[0m
[0m[[0m[33mwarn[0m] [0m[0mIn Scala 3, an unapplied method like this will be eta-expanded into a function.[0m
[0m[[0m[33mwarn[0m] [0m[0m    collection.find(byID(id)).headOption flatMap { // byID is a query used to filter the collection.[0m
[0m[[0m[33mwarn[0m] [0m[0m                              ^[0m
[0m[[0m[33mwarn[0m] [0m[0mone warning found[0m
[0m[[0m[31merror[0m] [0m[0mthree errors found[0m
[0m[[0m[31merror[0m] [0m[0m(Compile / [31mcompileIncremental[0m) Compilation failed[0m
[0m[[0m[0mdebug[0m] [0m[0mRunning task... Cancel: Signal, check cycles: false, forcegc: true[0m
[0m[[0m[0mdebug[0m] [0m[0mRunning task... Cancel: Signal, check cycles: false, forcegc: true[0m
[0m[[0m[0mdebug[0m] [0m[0mRunning task... Cancel: Signal, check cycles: false, forcegc: true[0m
[0m[[0m[0minfo[0m] [0m[0mcompiling 3 Scala sources to /Users/omiros.trypatsas/IdeaProjects/play-template/target/scala-2.13/classes ...[0m
[0m[[0m[31merror[0m] [0m[0m/Users/omiros.trypatsas/IdeaProjects/play-template/app/controllers/ApplicationController.scala:32:12: constructor cannot be instantiated to expected type;[0m
[0m[[0m[31merror[0m] [0m[0m found   : scala.util.Right[A,B][0m
[0m[[0m[31merror[0m] [0m[0m required: models.DataModel[0m
[0m[[0m[31merror[0m] [0m[0m      case Right(item: Seq[DataModel.id], _) => Ok {[0m
[0m[[0m[31merror[0m] [0m[0m           ^[0m
[0m[[0m[31merror[0m] [0m[0m/Users/omiros.trypatsas/IdeaProjects/play-template/app/controllers/ApplicationController.scala:32:38: type id is not a member of object models.DataModel[0m
[0m[[0m[31merror[0m] [0m[0m      case Right(item: Seq[DataModel.id], _) => Ok {[0m
[0m[[0m[31merror[0m] [0m[0m                                     ^[0m
[0m[[0m[31merror[0m] [0m[0m/Users/omiros.trypatsas/IdeaProjects/play-template/app/controllers/ApplicationController.scala:35:12: constructor cannot be instantiated to expected type;[0m
[0m[[0m[31merror[0m] [0m[0m found   : scala.util.Left[A,B][0m
[0m[[0m[31merror[0m] [0m[0m required: models.DataModel[0m
[0m[[0m[31merror[0m] [0m[0m      case Left(error) => Status(error)(Json.toJson("Unable to read any books"))[0m
[0m[[0m[31merror[0m] [0m[0m           ^[0m
[0m[[0m[33mwarn[0m] [0m[0m/Users/omiros.trypatsas/IdeaProjects/play-template/app/repositories/DataRepository.scala:45:31: Auto-application to `()` is deprecated. Supply the empty argument list `()` explicitly to invoke method headOption,[0m
[0m[[0m[33mwarn[0m] [0m[0mor remove the empty argument list from its definition (Java-defined methods are exempt).[0m
[0m[[0m[33mwarn[0m] [0m[0mIn Scala 3, an unapplied method like this will be eta-expanded into a function.[0m
[0m[[0m[33mwarn[0m] [0m[0m    collection.find(byID(id)).headOption flatMap { // byID is a query used to filter the collection.[0m
[0m[[0m[33mwarn[0m] [0m[0m                              ^[0m
[0m[[0m[33mwarn[0m] [0m[0mone warning found[0m
[0m[[0m[31merror[0m] [0m[0mthree errors found[0m
[0m[[0m[31merror[0m] [0m[0m(Compile / [31mcompileIncremental[0m) Compilation failed[0m
[0m[[0m[0mdebug[0m] [0m[0mRunning task... Cancel: Signal, check cycles: false, forcegc: true[0m
[0m[[0m[0mdebug[0m] [0m[0mRunning task... Cancel: Signal, check cycles: false, forcegc: true[0m
[0m[[0m[0mdebug[0m] [0m[0mRunning task... Cancel: Signal, check cycles: false, forcegc: true[0m
[0m[[0m[0minfo[0m] [0m[0mcompiling 3 Scala sources to /Users/omiros.trypatsas/IdeaProjects/play-template/target/scala-2.13/classes ...[0m
[0m[[0m[31merror[0m] [0m[0m/Users/omiros.trypatsas/IdeaProjects/play-template/app/controllers/ApplicationController.scala:32:37: ']' expected but '(' found.[0m
[0m[[0m[31merror[0m] [0m[0m      case Right(item: Seq[DataModel(id)]) => Ok {[0m
[0m[[0m[31merror[0m] [0m[0m                                    ^[0m
[0m[[0m[31merror[0m] [0m[0mone error found[0m
[0m[[0m[31merror[0m] [0m[0m(Compile / [31mcompileIncremental[0m) Compilation failed[0m
[0m[[0m[0mdebug[0m] [0m[0mRunning task... Cancel: Signal, check cycles: false, forcegc: true[0m
[0m[[0m[0mdebug[0m] [0m[0mRunning task... Cancel: Signal, check cycles: false, forcegc: true[0m
[0m[[0m[0mdebug[0m] [0m[0mRunning task... Cancel: Signal, check cycles: false, forcegc: true[0m
[0m[[0m[0minfo[0m] [0m[0mcompiling 3 Scala sources to /Users/omiros.trypatsas/IdeaProjects/play-template/target/scala-2.13/classes ...[0m
[0m[[0m[31merror[0m] [0m[0m/Users/omiros.trypatsas/IdeaProjects/play-template/app/controllers/ApplicationController.scala:32:12: constructor cannot be instantiated to expected type;[0m
[0m[[0m[31merror[0m] [0m[0m found   : scala.util.Right[A,B][0m
[0m[[0m[31merror[0m] [0m[0m required: models.DataModel[0m
[0m[[0m[31merror[0m] [0m[0m      case Right(item: Seq[DataModel[id]]) => Ok {[0m
[0m[[0m[31merror[0m] [0m[0m           ^[0m
[0m[[0m[31merror[0m] [0m[0m/Users/omiros.trypatsas/IdeaProjects/play-template/app/controllers/ApplicationController.scala:32:28: models.DataModel does not take type parameters[0m
[0m[[0m[31merror[0m] [0m[0m      case Right(item: Seq[DataModel[id]]) => Ok {[0m
[0m[[0m[31merror[0m] [0m[0m                           ^[0m
[0m[[0m[31merror[0m] [0m[0m/Users/omiros.trypatsas/IdeaProjects/play-template/app/controllers/ApplicationController.scala:35:12: constructor cannot be instantiated to expected type;[0m
[0m[[0m[31merror[0m] [0m[0m found   : scala.util.Left[A,B][0m
[0m[[0m[31merror[0m] [0m[0m required: models.DataModel[0m
[0m[[0m[31merror[0m] [0m[0m      case Left(error) => Status(error)(Json.toJson("Unable to read any books"))[0m
[0m[[0m[31merror[0m] [0m[0m           ^[0m
[0m[[0m[33mwarn[0m] [0m[0m/Users/omiros.trypatsas/IdeaProjects/play-template/app/repositories/DataRepository.scala:45:31: Auto-application to `()` is deprecated. Supply the empty argument list `()` explicitly to invoke method headOption,[0m
[0m[[0m[33mwarn[0m] [0m[0mor remove the empty argument list from its definition (Java-defined methods are exempt).[0m
[0m[[0m[33mwarn[0m] [0m[0mIn Scala 3, an unapplied method like this will be eta-expanded into a function.[0m
[0m[[0m[33mwarn[0m] [0m[0m    collection.find(byID(id)).headOption flatMap { // byID is a query used to filter the collection.[0m
[0m[[0m[33mwarn[0m] [0m[0m                              ^[0m
[0m[[0m[33mwarn[0m] [0m[0mone warning found[0m
[0m[[0m[31merror[0m] [0m[0mthree errors found[0m
[0m[[0m[31merror[0m] [0m[0m(Compile / [31mcompileIncremental[0m) Compilation failed[0m
[0m[[0m[0mdebug[0m] [0m[0mRunning task... Cancel: Signal, check cycles: false, forcegc: true[0m
[0m[[0m[0mdebug[0m] [0m[0mRunning task... Cancel: Signal, check cycles: false, forcegc: true[0m
[0m[[0m[0mdebug[0m] [0m[0mRunning task... Cancel: Signal, check cycles: false, forcegc: true[0m
[0m[[0m[0minfo[0m] [0m[0mcompiling 3 Scala sources to /Users/omiros.trypatsas/IdeaProjects/play-template/target/scala-2.13/classes ...[0m
[0m[[0m[31merror[0m] [0m[0m/Users/omiros.trypatsas/IdeaProjects/play-template/app/controllers/ApplicationController.scala:32:12: constructor cannot be instantiated to expected type;[0m
[0m[[0m[31merror[0m] [0m[0m found   : scala.util.Right[A,B][0m
[0m[[0m[31merror[0m] [0m[0m required: models.DataModel[0m
[0m[[0m[31merror[0m] [0m[0m      case Right(item: Seq[DataModel[_id]]) => Ok {[0m
[0m[[0m[31merror[0m] [0m[0m           ^[0m
[0m[[0m[31merror[0m] [0m[0m/Users/omiros.trypatsas/IdeaProjects/play-template/app/controllers/ApplicationController.scala:32:28: models.DataModel does not take type parameters[0m
[0m[[0m[31merror[0m] [0m[0m      case Right(item: Seq[DataModel[_id]]) => Ok {[0m
[0m[[0m[31merror[0m] [0m[0m                           ^[0m
[0m[[0m[31merror[0m] [0m[0m/Users/omiros.trypatsas/IdeaProjects/play-template/app/controllers/ApplicationController.scala:35:12: constructor cannot be instantiated to expected type;[0m
[0m[[0m[31merror[0m] [0m[0m found   : scala.util.Left[A,B][0m
[0m[[0m[31merror[0m] [0m[0m required: models.DataModel[0m
[0m[[0m[31merror[0m] [0m[0m      case Left(error) => Status(error)(Json.toJson("Unable to read any books"))[0m
[0m[[0m[31merror[0m] [0m[0m           ^[0m
[0m[[0m[33mwarn[0m] [0m[0m/Users/omiros.trypatsas/IdeaProjects/play-template/app/repositories/DataRepository.scala:45:31: Auto-application to `()` is deprecated. Supply the empty argument list `()` explicitly to invoke method headOption,[0m
[0m[[0m[33mwarn[0m] [0m[0mor remove the empty argument list from its definition (Java-defined methods are exempt).[0m
[0m[[0m[33mwarn[0m] [0m[0mIn Scala 3, an unapplied method like this will be eta-expanded into a function.[0m
[0m[[0m[33mwarn[0m] [0m[0m    collection.find(byID(id)).headOption flatMap { // byID is a query used to filter the collection.[0m
[0m[[0m[33mwarn[0m] [0m[0m                              ^[0m
[0m[[0m[33mwarn[0m] [0m[0mone warning found[0m
[0m[[0m[31merror[0m] [0m[0mthree errors found[0m
[0m[[0m[31merror[0m] [0m[0m(Compile / [31mcompileIncremental[0m) Compilation failed[0m
[0m[[0m[0mdebug[0m] [0m[0mRunning task... Cancel: Signal, check cycles: false, forcegc: true[0m
[0m[[0m[0mdebug[0m] [0m[0mRunning task... Cancel: Signal, check cycles: false, forcegc: true[0m
[0m[[0m[0mdebug[0m] [0m[0mRunning task... Cancel: Signal, check cycles: false, forcegc: true[0m
[0m[[0m[0minfo[0m] [0m[0mcompiling 3 Scala sources to /Users/omiros.trypatsas/IdeaProjects/play-template/target/scala-2.13/classes ...[0m
[0m[[0m[31merror[0m] [0m[0m/Users/omiros.trypatsas/IdeaProjects/play-template/app/controllers/ApplicationController.scala:32:12: constructor cannot be instantiated to expected type;[0m
[0m[[0m[31merror[0m] [0m[0m found   : scala.util.Right[A,B][0m
[0m[[0m[31merror[0m] [0m[0m required: models.DataModel[0m
[0m[[0m[31merror[0m] [0m[0m      case Right(item: Seq[DataModel[_id]]) => Ok {[0m
[0m[[0m[31merror[0m] [0m[0m           ^[0m
[0m[[0m[31merror[0m] [0m[0m/Users/omiros.trypatsas/IdeaProjects/play-template/app/controllers/ApplicationController.scala:32:28: models.DataModel does not take type parameters[0m
[0m[[0m[31merror[0m] [0m[0m      case Right(item: Seq[DataModel[_id]]) => Ok {[0m
[0m[[0m[31merror[0m] [0m[0m                           ^[0m
[0m[[0m[31merror[0m] [0m[0m/Users/omiros.trypatsas/IdeaProjects/play-template/app/controllers/ApplicationController.scala:35:12: constructor cannot be instantiated to expected type;[0m
[0m[[0m[31merror[0m] [0m[0m found   : scala.util.Left[A,B][0m
[0m[[0m[31merror[0m] [0m[0m required: models.DataModel[0m
[0m[[0m[31merror[0m] [0m[0m      case Left(error) => Status(error)(Json.toJson("Unable to read any books"))[0m
[0m[[0m[31merror[0m] [0m[0m           ^[0m
[0m[[0m[33mwarn[0m] [0m[0m/Users/omiros.trypatsas/IdeaProjects/play-template/app/repositories/DataRepository.scala:45:31: Auto-application to `()` is deprecated. Supply the empty argument list `()` explicitly to invoke method headOption,[0m
[0m[[0m[33mwarn[0m] [0m[0mor remove the empty argument list from its definition (Java-defined methods are exempt).[0m
[0m[[0m[33mwarn[0m] [0m[0mIn Scala 3, an unapplied method like this will be eta-expanded into a function.[0m
[0m[[0m[33mwarn[0m] [0m[0m    collection.find(byID(id)).headOption flatMap { // byID is a query used to filter the collection.[0m
[0m[[0m[33mwarn[0m] [0m[0m                              ^[0m
[0m[[0m[33mwarn[0m] [0m[0mone warning found[0m
[0m[[0m[31merror[0m] [0m[0mthree errors found[0m
[0m[[0m[31merror[0m] [0m[0m(Compile / [31mcompileIncremental[0m) Compilation failed[0m
[0m[[0m[0mdebug[0m] [0m[0mRunning task... Cancel: Signal, check cycles: false, forcegc: true[0m
[0m[[0m[0mdebug[0m] [0m[0mRunning task... Cancel: Signal, check cycles: false, forcegc: true[0m
[0m[[0m[0mdebug[0m] [0m[0mRunning task... Cancel: Signal, check cycles: false, forcegc: true[0m
[0m[[0m[0minfo[0m] [0m[0mcompiling 3 Scala sources to /Users/omiros.trypatsas/IdeaProjects/play-template/target/scala-2.13/classes ...[0m
[0m[[0m[31merror[0m] [0m[0m/Users/omiros.trypatsas/IdeaProjects/play-template/app/controllers/ApplicationController.scala:32:37: ']' expected but '(' found.[0m
[0m[[0m[31merror[0m] [0m[0m      case Right(item: Seq[DataModel(_id)]) => Ok {[0m
[0m[[0m[31merror[0m] [0m[0m                                    ^[0m
[0m[[0m[31merror[0m] [0m[0mone error found[0m
[0m[[0m[31merror[0m] [0m[0m(Compile / [31mcompileIncremental[0m) Compilation failed[0m
[0m[[0m[0mdebug[0m] [0m[0mRunning task... Cancel: Signal, check cycles: false, forcegc: true[0m
[0m[[0m[0mdebug[0m] [0m[0mRunning task... Cancel: Signal, check cycles: false, forcegc: true[0m
[0m[[0m[0mdebug[0m] [0m[0mRunning task... Cancel: Signal, check cycles: false, forcegc: true[0m
[0m[[0m[0minfo[0m] [0m[0mcompiling 3 Scala sources to /Users/omiros.trypatsas/IdeaProjects/play-template/target/scala-2.13/classes ...[0m
[0m[[0m[31merror[0m] [0m[0m/Users/omiros.trypatsas/IdeaProjects/play-template/app/controllers/ApplicationController.scala:32:12: constructor cannot be instantiated to expected type;[0m
[0m[[0m[31merror[0m] [0m[0m found   : scala.util.Right[A,B][0m
[0m[[0m[31merror[0m] [0m[0m required: models.DataModel[0m
[0m[[0m[31merror[0m] [0m[0m      case Right(item: Seq[DataModel._id]) => Ok {[0m
[0m[[0m[31merror[0m] [0m[0m           ^[0m
[0m[[0m[31merror[0m] [0m[0m/Users/omiros.trypatsas/IdeaProjects/play-template/app/controllers/ApplicationController.scala:32:38: type _id is not a member of object models.DataModel[0m
[0m[[0m[31merror[0m] [0m[0m      case Right(item: Seq[DataModel._id]) => Ok {[0m
[0m[[0m[31merror[0m] [0m[0m                                     ^[0m
[0m[[0m[31merror[0m] [0m[0m/Users/omiros.trypatsas/IdeaProjects/play-template/app/controllers/ApplicationController.scala:35:12: constructor cannot be instantiated to expected type;[0m
[0m[[0m[31merror[0m] [0m[0m found   : scala.util.Left[A,B][0m
[0m[[0m[31merror[0m] [0m[0m required: models.DataModel[0m
[0m[[0m[31merror[0m] [0m[0m      case Left(error) => Status(error)(Json.toJson("Unable to read any books"))[0m
[0m[[0m[31merror[0m] [0m[0m           ^[0m
[0m[[0m[33mwarn[0m] [0m[0m/Users/omiros.trypatsas/IdeaProjects/play-template/app/repositories/DataRepository.scala:45:31: Auto-application to `()` is deprecated. Supply the empty argument list `()` explicitly to invoke method headOption,[0m
[0m[[0m[33mwarn[0m] [0m[0mor remove the empty argument list from its definition (Java-defined methods are exempt).[0m
[0m[[0m[33mwarn[0m] [0m[0mIn Scala 3, an unapplied method like this will be eta-expanded into a function.[0m
[0m[[0m[33mwarn[0m] [0m[0m    collection.find(byID(id)).headOption flatMap { // byID is a query used to filter the collection.[0m
[0m[[0m[33mwarn[0m] [0m[0m                              ^[0m
[0m[[0m[33mwarn[0m] [0m[0mone warning found[0m
[0m[[0m[31merror[0m] [0m[0mthree errors found[0m
[0m[[0m[31merror[0m] [0m[0m(Compile / [31mcompileIncremental[0m) Compilation failed[0m
[0m[[0m[0mdebug[0m] [0m[0mRunning task... Cancel: Signal, check cycles: false, forcegc: true[0m
[0m[[0m[0mdebug[0m] [0m[0mRunning task... Cancel: Signal, check cycles: false, forcegc: true[0m
[0m[[0m[0mdebug[0m] [0m[0mRunning task... Cancel: Signal, check cycles: false, forcegc: true[0m
[0m[[0m[0minfo[0m] [0m[0mcompiling 3 Scala sources to /Users/omiros.trypatsas/IdeaProjects/play-template/target/scala-2.13/classes ...[0m
[0m[[0m[31merror[0m] [0m[0m/Users/omiros.trypatsas/IdeaProjects/play-template/app/controllers/ApplicationController.scala:32:33: ')' expected but ']' found.[0m
[0m[[0m[31merror[0m] [0m[0m      case Right(item: DataModel]) => Ok {[0m
[0m[[0m[31merror[0m] [0m[0m                                ^[0m
[0m[[0m[31merror[0m] [0m[0m/Users/omiros.trypatsas/IdeaProjects/play-template/app/controllers/ApplicationController.scala:35:80: '=>' expected but ')' found.[0m
[0m[[0m[31merror[0m] [0m[0m      case Left(error) => Status(error)(Json.toJson("Unable to read any books"))[0m
[0m[[0m[31merror[0m] [0m[0m                                                                               ^[0m
[0m[[0m[31merror[0m] [0m[0mtwo errors found[0m
[0m[[0m[31merror[0m] [0m[0m(Compile / [31mcompileIncremental[0m) Compilation failed[0m
[0m[[0m[0mdebug[0m] [0m[0mRunning task... Cancel: Signal, check cycles: false, forcegc: true[0m
[0m[[0m[0mdebug[0m] [0m[0mRunning task... Cancel: Signal, check cycles: false, forcegc: true[0m
[0m[[0m[0mdebug[0m] [0m[0mRunning task... Cancel: Signal, check cycles: false, forcegc: true[0m
[0m[[0m[0minfo[0m] [0m[0mcompiling 3 Scala sources to /Users/omiros.trypatsas/IdeaProjects/play-template/target/scala-2.13/classes ...[0m
[0m[[0m[31merror[0m] [0m[0m/Users/omiros.trypatsas/IdeaProjects/play-template/app/controllers/ApplicationController.scala:32:12: constructor cannot be instantiated to expected type;[0m
[0m[[0m[31merror[0m] [0m[0m found   : scala.util.Right[A,B][0m
[0m[[0m[31merror[0m] [0m[0m required: models.DataModel[0m
[0m[[0m[31merror[0m] [0m[0m      case Right(item: DataModel) => Ok {[0m
[0m[[0m[31merror[0m] [0m[0m           ^[0m
[0m[[0m[31merror[0m] [0m[0m/Users/omiros.trypatsas/IdeaProjects/play-template/app/controllers/ApplicationController.scala:35:12: constructor cannot be instantiated to expected type;[0m
[0m[[0m[31merror[0m] [0m[0m found   : scala.util.Left[A,B][0m
[0m[[0m[31merror[0m] [0m[0m required: models.DataModel[0m
[0m[[0m[31merror[0m] [0m[0m      case Left(error) => Status(error)(Json.toJson("Unable to read any books"))[0m
[0m[[0m[31merror[0m] [0m[0m           ^[0m
[0m[[0m[33mwarn[0m] [0m[0m/Users/omiros.trypatsas/IdeaProjects/play-template/app/repositories/DataRepository.scala:45:31: Auto-application to `()` is deprecated. Supply the empty argument list `()` explicitly to invoke method headOption,[0m
[0m[[0m[33mwarn[0m] [0m[0mor remove the empty argument list from its definition (Java-defined methods are exempt).[0m
[0m[[0m[33mwarn[0m] [0m[0mIn Scala 3, an unapplied method like this will be eta-expanded into a function.[0m
[0m[[0m[33mwarn[0m] [0m[0m    collection.find(byID(id)).headOption flatMap { // byID is a query used to filter the collection.[0m
[0m[[0m[33mwarn[0m] [0m[0m                              ^[0m
[0m[[0m[33mwarn[0m] [0m[0mone warning found[0m
[0m[[0m[31merror[0m] [0m[0mtwo errors found[0m
[0m[[0m[31merror[0m] [0m[0m(Compile / [31mcompileIncremental[0m) Compilation failed[0m
[0m[[0m[0mdebug[0m] [0m[0mRunning task... Cancel: Signal, check cycles: false, forcegc: true[0m
[0m[[0m[0mdebug[0m] [0m[0mRunning task... Cancel: Signal, check cycles: false, forcegc: true[0m
[0m[[0m[0mdebug[0m] [0m[0mRunning task... Cancel: Signal, check cycles: false, forcegc: true[0m
[0m[[0m[0minfo[0m] [0m[0mcompiling 3 Scala sources to /Users/omiros.trypatsas/IdeaProjects/play-template/target/scala-2.13/classes ...[0m
[0m[[0m[31merror[0m] [0m[0m/Users/omiros.trypatsas/IdeaProjects/play-template/app/controllers/ApplicationController.scala:32:12: constructor cannot be instantiated to expected type;[0m
[0m[[0m[31merror[0m] [0m[0m found   : scala.util.Right[A,B][0m
[0m[[0m[31merror[0m] [0m[0m required: models.DataModel[0m
[0m[[0m[31merror[0m] [0m[0m      case Right(items: Seq[DataModel]) => Ok {[0m
[0m[[0m[31merror[0m] [0m[0m           ^[0m
[0m[[0m[31merror[0m] [0m[0m/Users/omiros.trypatsas/IdeaProjects/play-template/app/controllers/ApplicationController.scala:35:12: constructor cannot be instantiated to expected type;[0m
[0m[[0m[31merror[0m] [0m[0m found   : scala.util.Left[A,B][0m
[0m[[0m[31merror[0m] [0m[0m required: models.DataModel[0m
[0m[[0m[31merror[0m] [0m[0m      case Left(error) => Status(error)(Json.toJson("Unable to read any books"))[0m
[0m[[0m[31merror[0m] [0m[0m           ^[0m
[0m[[0m[33mwarn[0m] [0m[0m/Users/omiros.trypatsas/IdeaProjects/play-template/app/repositories/DataRepository.scala:45:31: Auto-application to `()` is deprecated. Supply the empty argument list `()` explicitly to invoke method headOption,[0m
[0m[[0m[33mwarn[0m] [0m[0mor remove the empty argument list from its definition (Java-defined methods are exempt).[0m
[0m[[0m[33mwarn[0m] [0m[0mIn Scala 3, an unapplied method like this will be eta-expanded into a function.[0m
[0m[[0m[33mwarn[0m] [0m[0m    collection.find(byID(id)).headOption flatMap { // byID is a query used to filter the collection.[0m
[0m[[0m[33mwarn[0m] [0m[0m                              ^[0m
[0m[[0m[33mwarn[0m] [0m[0mone warning found[0m
[0m[[0m[31merror[0m] [0m[0mtwo errors found[0m
[0m[[0m[31merror[0m] [0m[0m(Compile / [31mcompileIncremental[0m) Compilation failed[0m
[0m[[0m[0mdebug[0m] [0m[0mRunning task... Cancel: Signal, check cycles: false, forcegc: true[0m
[0m[[0m[0mdebug[0m] [0m[0mRunning task... Cancel: Signal, check cycles: false, forcegc: true[0m
[0m[[0m[0mdebug[0m] [0m[0mRunning task... Cancel: Signal, check cycles: false, forcegc: true[0m
[0m[[0m[0minfo[0m] [0m[0mcompiling 3 Scala sources to /Users/omiros.trypatsas/IdeaProjects/play-template/target/scala-2.13/classes ...[0m
[0m[[0m[31merror[0m] [0m[0m/Users/omiros.trypatsas/IdeaProjects/play-template/app/controllers/ApplicationController.scala:32:29: ')' expected but '(' found.[0m
[0m[[0m[31merror[0m] [0m[0m      case Right(items: Some(data)) => Ok {[0m
[0m[[0m[31merror[0m] [0m[0m                            ^[0m
[0m[[0m[31merror[0m] [0m[0m/Users/omiros.trypatsas/IdeaProjects/play-template/app/controllers/ApplicationController.scala:32:35: '=>' expected but ')' found.[0m
[0m[[0m[31merror[0m] [0m[0m      case Right(items: Some(data)) => Ok {[0m
[0m[[0m[31merror[0m] [0m[0m                                  ^[0m
[0m[[0m[31merror[0m] [0m[0mtwo errors found[0m
[0m[[0m[31merror[0m] [0m[0m(Compile / [31mcompileIncremental[0m) Compilation failed[0m
[0m[[0m[0mdebug[0m] [0m[0mRunning task... Cancel: Signal, check cycles: false, forcegc: true[0m
[0m[[0m[0mdebug[0m] [0m[0mRunning task... Cancel: Signal, check cycles: false, forcegc: true[0m
[0m[[0m[0mdebug[0m] [0m[0mRunning task... Cancel: Signal, check cycles: false, forcegc: true[0m
[0m[[0m[0minfo[0m] [0m[0mcompiling 3 Scala sources to /Users/omiros.trypatsas/IdeaProjects/play-template/target/scala-2.13/classes ...[0m
[0m[[0m[31merror[0m] [0m[0m/Users/omiros.trypatsas/IdeaProjects/play-template/app/controllers/ApplicationController.scala:32:12: constructor cannot be instantiated to expected type;[0m
[0m[[0m[31merror[0m] [0m[0m found   : scala.util.Right[A,B][0m
[0m[[0m[31merror[0m] [0m[0m required: models.DataModel[0m
[0m[[0m[31merror[0m] [0m[0m      case Right(items: data) => Ok {[0m
[0m[[0m[31merror[0m] [0m[0m           ^[0m
[0m[[0m[31merror[0m] [0m[0m/Users/omiros.trypatsas/IdeaProjects/play-template/app/controllers/ApplicationController.scala:32:25: not found: type data[0m
[0m[[0m[31merror[0m] [0m[0m      case Right(items: data) => Ok {[0m
[0m[[0m[31merror[0m] [0m[0m                        ^[0m
[0m[[0m[31merror[0m] [0m[0m/Users/omiros.trypatsas/IdeaProjects/play-template/app/controllers/ApplicationController.scala:33:21: not found: value item[0m
[0m[[0m[31merror[0m] [0m[0m        Json.toJson(item)[0m
[0m[[0m[31merror[0m] [0m[0m                    ^[0m
[0m[[0m[31merror[0m] [0m[0m/Users/omiros.trypatsas/IdeaProjects/play-template/app/controllers/ApplicationController.scala:35:12: constructor cannot be instantiated to expected type;[0m
[0m[[0m[31merror[0m] [0m[0m found   : scala.util.Left[A,B][0m
[0m[[0m[31merror[0m] [0m[0m required: models.DataModel[0m
[0m[[0m[31merror[0m] [0m[0m      case Left(error) => Status(error)(Json.toJson("Unable to read any books"))[0m
[0m[[0m[31merror[0m] [0m[0m           ^[0m
[0m[[0m[33mwarn[0m] [0m[0m/Users/omiros.trypatsas/IdeaProjects/play-template/app/repositories/DataRepository.scala:45:31: Auto-application to `()` is deprecated. Supply the empty argument list `()` explicitly to invoke method headOption,[0m
[0m[[0m[33mwarn[0m] [0m[0mor remove the empty argument list from its definition (Java-defined methods are exempt).[0m
[0m[[0m[33mwarn[0m] [0m[0mIn Scala 3, an unapplied method like this will be eta-expanded into a function.[0m
[0m[[0m[33mwarn[0m] [0m[0m    collection.find(byID(id)).headOption flatMap { // byID is a query used to filter the collection.[0m
[0m[[0m[33mwarn[0m] [0m[0m                              ^[0m
[0m[[0m[33mwarn[0m] [0m[0mone warning found[0m
[0m[[0m[31merror[0m] [0m[0mfour errors found[0m
[0m[[0m[31merror[0m] [0m[0m(Compile / [31mcompileIncremental[0m) Compilation failed[0m
[0m[[0m[0mdebug[0m] [0m[0mRunning task... Cancel: Signal, check cycles: false, forcegc: true[0m
[0m[[0m[0mdebug[0m] [0m[0mRunning task... Cancel: Signal, check cycles: false, forcegc: true[0m
[0m[[0m[0mdebug[0m] [0m[0mRunning task... Cancel: Signal, check cycles: false, forcegc: true[0m
[0m[[0m[0minfo[0m] [0m[0mcompiling 3 Scala sources to /Users/omiros.trypatsas/IdeaProjects/play-template/target/scala-2.13/classes ...[0m
[0m[[0m[31merror[0m] [0m[0m/Users/omiros.trypatsas/IdeaProjects/play-template/app/controllers/ApplicationController.scala:32:29: ')' expected but '(' found.[0m
[0m[[0m[31merror[0m] [0m[0m      case Right(items: Some(data)) => Ok {[0m
[0m[[0m[31merror[0m] [0m[0m                            ^[0m
[0m[[0m[31merror[0m] [0m[0m/Users/omiros.trypatsas/IdeaProjects/play-template/app/controllers/ApplicationController.scala:32:35: '=>' expected but ')' found.[0m
[0m[[0m[31merror[0m] [0m[0m      case Right(items: Some(data)) => Ok {[0m
[0m[[0m[31merror[0m] [0m[0m                                  ^[0m
[0m[[0m[31merror[0m] [0m[0mtwo errors found[0m
[0m[[0m[31merror[0m] [0m[0m(Compile / [31mcompileIncremental[0m) Compilation failed[0m
[0m[[0m[0mdebug[0m] [0m[0mRunning task... Cancel: Signal, check cycles: false, forcegc: true[0m
[0m[[0m[0mdebug[0m] [0m[0mRunning task... Cancel: Signal, check cycles: false, forcegc: true[0m
[0m[[0m[0mdebug[0m] [0m[0mRunning task... Cancel: Signal, check cycles: false, forcegc: true[0m
[0m[[0m[0minfo[0m] [0m[0mcompiling 3 Scala sources to /Users/omiros.trypatsas/IdeaProjects/play-template/target/scala-2.13/classes ...[0m
[0m[[0m[31merror[0m] [0m[0m/Users/omiros.trypatsas/IdeaProjects/play-template/app/controllers/ApplicationController.scala:32:12: constructor cannot be instantiated to expected type;[0m
[0m[[0m[31merror[0m] [0m[0m found   : scala.util.Right[A,B][0m
[0m[[0m[31merror[0m] [0m[0m required: models.DataModel[0m
[0m[[0m[31merror[0m] [0m[0m      case Right(items: Some[data]) => Ok {[0m
[0m[[0m[31merror[0m] [0m[0m           ^[0m
[0m[[0m[31merror[0m] [0m[0m/Users/omiros.trypatsas/IdeaProjects/play-template/app/controllers/ApplicationController.scala:33:21: not found: value item[0m
[0m[[0m[31merror[0m] [0m[0m        Json.toJson(item)[0m
[0m[[0m[31merror[0m] [0m[0m                    ^[0m
[0m[[0m[31merror[0m] [0m[0m/Users/omiros.trypatsas/IdeaProjects/play-template/app/controllers/ApplicationController.scala:35:12: constructor cannot be instantiated to expected type;[0m
[0m[[0m[31merror[0m] [0m[0m found   : scala.util.Left[A,B][0m
[0m[[0m[31merror[0m] [0m[0m required: models.DataModel[0m
[0m[[0m[31merror[0m] [0m[0m      case Left(error) => Status(error)(Json.toJson("Unable to read any books"))[0m
[0m[[0m[31merror[0m] [0m[0m           ^[0m
[0m[[0m[33mwarn[0m] [0m[0m/Users/omiros.trypatsas/IdeaProjects/play-template/app/repositories/DataRepository.scala:45:31: Auto-application to `()` is deprecated. Supply the empty argument list `()` explicitly to invoke method headOption,[0m
[0m[[0m[33mwarn[0m] [0m[0mor remove the empty argument list from its definition (Java-defined methods are exempt).[0m
[0m[[0m[33mwarn[0m] [0m[0mIn Scala 3, an unapplied method like this will be eta-expanded into a function.[0m
[0m[[0m[33mwarn[0m] [0m[0m    collection.find(byID(id)).headOption flatMap { // byID is a query used to filter the collection.[0m
[0m[[0m[33mwarn[0m] [0m[0m                              ^[0m
[0m[[0m[33mwarn[0m] [0m[0mone warning found[0m
[0m[[0m[31merror[0m] [0m[0mthree errors found[0m
[0m[[0m[31merror[0m] [0m[0m(Compile / [31mcompileIncremental[0m) Compilation failed[0m
[0m[[0m[0mdebug[0m] [0m[0mRunning task... Cancel: Signal, check cycles: false, forcegc: true[0m
[0m[[0m[0mdebug[0m] [0m[0mRunning task... Cancel: Signal, check cycles: false, forcegc: true[0m
[0m[[0m[0mdebug[0m] [0m[0mRunning task... Cancel: Signal, check cycles: false, forcegc: true[0m
[0m[[0m[0minfo[0m] [0m[0mcompiling 3 Scala sources to /Users/omiros.trypatsas/IdeaProjects/play-template/target/scala-2.13/classes ...[0m
[0m[[0m[31merror[0m] [0m[0m/Users/omiros.trypatsas/IdeaProjects/play-template/app/controllers/ApplicationController.scala:32:12: constructor cannot be instantiated to expected type;[0m
[0m[[0m[31merror[0m] [0m[0m found   : scala.util.Right[A,B][0m
[0m[[0m[31merror[0m] [0m[0m required: models.DataModel[0m
[0m[[0m[31merror[0m] [0m[0m      case Right(items: Some[data]) => Ok {[0m
[0m[[0m[31merror[0m] [0m[0m           ^[0m
[0m[[0m[31merror[0m] [0m[0m/Users/omiros.trypatsas/IdeaProjects/play-template/app/controllers/ApplicationController.scala:33:21: not found: value item[0m
[0m[[0m[31merror[0m] [0m[0m        Json.toJson(item)[0m
[0m[[0m[31merror[0m] [0m[0m                    ^[0m
[0m[[0m[31merror[0m] [0m[0m/Users/omiros.trypatsas/IdeaProjects/play-template/app/controllers/ApplicationController.scala:35:12: constructor cannot be instantiated to expected type;[0m
[0m[[0m[31merror[0m] [0m[0m found   : scala.util.Left[A,B][0m
[0m[[0m[31merror[0m] [0m[0m required: models.DataModel[0m
[0m[[0m[31merror[0m] [0m[0m      case Left(error) => Status(error)(Json.toJson("Unable to read any books"))[0m
[0m[[0m[31merror[0m] [0m[0m           ^[0m
[0m[[0m[33mwarn[0m] [0m[0m/Users/omiros.trypatsas/IdeaProjects/play-template/app/repositories/DataRepository.scala:45:31: Auto-application to `()` is deprecated. Supply the empty argument list `()` explicitly to invoke method headOption,[0m
[0m[[0m[33mwarn[0m] [0m[0mor remove the empty argument list from its definition (Java-defined methods are exempt).[0m
[0m[[0m[33mwarn[0m] [0m[0mIn Scala 3, an unapplied method like this will be eta-expanded into a function.[0m
[0m[[0m[33mwarn[0m] [0m[0m    collection.find(byID(id)).headOption flatMap { // byID is a query used to filter the collection.[0m
[0m[[0m[33mwarn[0m] [0m[0m                              ^[0m
[0m[[0m[33mwarn[0m] [0m[0mone warning found[0m
[0m[[0m[31merror[0m] [0m[0mthree errors found[0m
[0m[[0m[31merror[0m] [0m[0m(Compile / [31mcompileIncremental[0m) Compilation failed[0m
[0m[[0m[0mdebug[0m] [0m[0mRunning task... Cancel: Signal, check cycles: false, forcegc: true[0m
[0m[[0m[0mdebug[0m] [0m[0mRunning task... Cancel: Signal, check cycles: false, forcegc: true[0m
[0m[[0m[0mdebug[0m] [0m[0mRunning task... Cancel: Signal, check cycles: false, forcegc: true[0m
[0m[[0m[0minfo[0m] [0m[0mcompiling 3 Scala sources to /Users/omiros.trypatsas/IdeaProjects/play-template/target/scala-2.13/classes ...[0m
[0m[[0m[31merror[0m] [0m[0m/Users/omiros.trypatsas/IdeaProjects/play-template/app/controllers/ApplicationController.scala:32:29: ')' expected but '(' found.[0m
[0m[[0m[31merror[0m] [0m[0m      case Right(items: Some(data)) => Ok {[0m
[0m[[0m[31merror[0m] [0m[0m                            ^[0m
[0m[[0m[31merror[0m] [0m[0m/Users/omiros.trypatsas/IdeaProjects/play-template/app/controllers/ApplicationController.scala:32:35: '=>' expected but ')' found.[0m
[0m[[0m[31merror[0m] [0m[0m      case Right(items: Some(data)) => Ok {[0m
[0m[[0m[31merror[0m] [0m[0m                                  ^[0m
[0m[[0m[31merror[0m] [0m[0mtwo errors found[0m
[0m[[0m[0mdebug[0m] [0m[0mForcing garbage collection...[0m
[0m[[0m[31merror[0m] [0m[0m(Compile / [31mcompileIncremental[0m) Compilation failed[0m
[0m[[0m[0mdebug[0m] [0m[0mRunning task... Cancel: Signal, check cycles: false, forcegc: true[0m
[0m[[0m[0mdebug[0m] [0m[0mRunning task... Cancel: Signal, check cycles: false, forcegc: true[0m
[0m[[0m[0mdebug[0m] [0m[0mRunning task... Cancel: Signal, check cycles: false, forcegc: true[0m
[0m[[0m[0minfo[0m] [0m[0mcompiling 3 Scala sources to /Users/omiros.trypatsas/IdeaProjects/play-template/target/scala-2.13/classes ...[0m
[0m[[0m[31merror[0m] [0m[0m/Users/omiros.trypatsas/IdeaProjects/play-template/app/controllers/ApplicationController.scala:32:28: ')' expected but '(' found.[0m
[0m[[0m[31merror[0m] [0m[0m      case Right(item: Some(data)) => Ok {[0m
[0m[[0m[31merror[0m] [0m[0m                           ^[0m
[0m[[0m[31merror[0m] [0m[0m/Users/omiros.trypatsas/IdeaProjects/play-template/app/controllers/ApplicationController.scala:32:34: '=>' expected but ')' found.[0m
[0m[[0m[31merror[0m] [0m[0m      case Right(item: Some(data)) => Ok {[0m
[0m[[0m[31merror[0m] [0m[0m                                 ^[0m
[0m[[0m[31merror[0m] [0m[0mtwo errors found[0m
[0m[[0m[31merror[0m] [0m[0m(Compile / [31mcompileIncremental[0m) Compilation failed[0m
[0m[[0m[0mdebug[0m] [0m[0mRunning task... Cancel: Signal, check cycles: false, forcegc: true[0m
[0m[[0m[0mdebug[0m] [0m[0mRunning task... Cancel: Signal, check cycles: false, forcegc: true[0m
[0m[[0m[0mdebug[0m] [0m[0mRunning task... Cancel: Signal, check cycles: false, forcegc: true[0m
[0m[[0m[0minfo[0m] [0m[0mcompiling 3 Scala sources to /Users/omiros.trypatsas/IdeaProjects/play-template/target/scala-2.13/classes ...[0m
[0m[[0m[31merror[0m] [0m[0m/Users/omiros.trypatsas/IdeaProjects/play-template/app/controllers/ApplicationController.scala:32:12: constructor cannot be instantiated to expected type;[0m
[0m[[0m[31merror[0m] [0m[0m found   : scala.util.Right[A,B][0m
[0m[[0m[31merror[0m] [0m[0m required: models.DataModel[0m
[0m[[0m[31merror[0m] [0m[0m      case Right(item: Some[data]) => Ok {[0m
[0m[[0m[31merror[0m] [0m[0m           ^[0m
[0m[[0m[31merror[0m] [0m[0m/Users/omiros.trypatsas/IdeaProjects/play-template/app/controllers/ApplicationController.scala:35:12: constructor cannot be instantiated to expected type;[0m
[0m[[0m[31merror[0m] [0m[0m found   : scala.util.Left[A,B][0m
[0m[[0m[31merror[0m] [0m[0m required: models.DataModel[0m
[0m[[0m[31merror[0m] [0m[0m      case Left(error) => Status(error)(Json.toJson("Unable to read any books"))[0m
[0m[[0m[31merror[0m] [0m[0m           ^[0m
[0m[[0m[33mwarn[0m] [0m[0m/Users/omiros.trypatsas/IdeaProjects/play-template/app/repositories/DataRepository.scala:45:31: Auto-application to `()` is deprecated. Supply the empty argument list `()` explicitly to invoke method headOption,[0m
[0m[[0m[33mwarn[0m] [0m[0mor remove the empty argument list from its definition (Java-defined methods are exempt).[0m
[0m[[0m[33mwarn[0m] [0m[0mIn Scala 3, an unapplied method like this will be eta-expanded into a function.[0m
[0m[[0m[33mwarn[0m] [0m[0m    collection.find(byID(id)).headOption flatMap { // byID is a query used to filter the collection.[0m
[0m[[0m[33mwarn[0m] [0m[0m                              ^[0m
[0m[[0m[33mwarn[0m] [0m[0mone warning found[0m
[0m[[0m[31merror[0m] [0m[0mtwo errors found[0m
[0m[[0m[31merror[0m] [0m[0m(Compile / [31mcompileIncremental[0m) Compilation failed[0m
[0m[[0m[0mdebug[0m] [0m[0mRunning task... Cancel: Signal, check cycles: false, forcegc: true[0m
[0m[[0m[0mdebug[0m] [0m[0mRunning task... Cancel: Signal, check cycles: false, forcegc: true[0m
[0m[[0m[0mdebug[0m] [0m[0mRunning task... Cancel: Signal, check cycles: false, forcegc: true[0m
[0m[[0m[0minfo[0m] [0m[0mcompiling 3 Scala sources to /Users/omiros.trypatsas/IdeaProjects/play-template/target/scala-2.13/classes ...[0m
[0m[[0m[31merror[0m] [0m[0m/Users/omiros.trypatsas/IdeaProjects/play-template/app/controllers/ApplicationController.scala:32:12: constructor cannot be instantiated to expected type;[0m
[0m[[0m[31merror[0m] [0m[0m found   : scala.util.Right[A,B][0m
[0m[[0m[31merror[0m] [0m[0m required: models.DataModel[0m
[0m[[0m[31merror[0m] [0m[0m      case Right(Some(item: DataModel)) => Ok {[0m
[0m[[0m[31merror[0m] [0m[0m           ^[0m
[0m[[0m[31merror[0m] [0m[0m/Users/omiros.trypatsas/IdeaProjects/play-template/app/controllers/ApplicationController.scala:35:12: constructor cannot be instantiated to expected type;[0m
[0m[[0m[31merror[0m] [0m[0m found   : scala.util.Right[A,B][0m
[0m[[0m[31merror[0m] [0m[0m required: models.DataModel[0m
[0m[[0m[31merror[0m] [0m[0m      case Right(None) => NotFound(Json.toJson("No data found"))[0m
[0m[[0m[31merror[0m] [0m[0m           ^[0m
[0m[[0m[31merror[0m] [0m[0m/Users/omiros.trypatsas/IdeaProjects/play-template/app/controllers/ApplicationController.scala:36:12: constructor cannot be instantiated to expected type;[0m
[0m[[0m[31merror[0m] [0m[0m found   : scala.util.Left[A,B][0m
[0m[[0m[31merror[0m] [0m[0m required: models.DataModel[0m
[0m[[0m[31merror[0m] [0m[0m      case Left(error) => Status(error)(Json.toJson("Unable to read any books"))[0m
[0m[[0m[31merror[0m] [0m[0m           ^[0m
[0m[[0m[33mwarn[0m] [0m[0m/Users/omiros.trypatsas/IdeaProjects/play-template/app/repositories/DataRepository.scala:45:31: Auto-application to `()` is deprecated. Supply the empty argument list `()` explicitly to invoke method headOption,[0m
[0m[[0m[33mwarn[0m] [0m[0mor remove the empty argument list from its definition (Java-defined methods are exempt).[0m
[0m[[0m[33mwarn[0m] [0m[0mIn Scala 3, an unapplied method like this will be eta-expanded into a function.[0m
[0m[[0m[33mwarn[0m] [0m[0m    collection.find(byID(id)).headOption flatMap { // byID is a query used to filter the collection.[0m
[0m[[0m[33mwarn[0m] [0m[0m                              ^[0m
[0m[[0m[33mwarn[0m] [0m[0mone warning found[0m
[0m[[0m[31merror[0m] [0m[0mthree errors found[0m
[0m[[0m[0mdebug[0m] [0m[0mForcing garbage collection...[0m
[0m[[0m[31merror[0m] [0m[0m(Compile / [31mcompileIncremental[0m) Compilation failed[0m
[0m[[0m[0mdebug[0m] [0m[0mRunning task... Cancel: Signal, check cycles: false, forcegc: true[0m
[0m[[0m[0mdebug[0m] [0m[0mRunning task... Cancel: Signal, check cycles: false, forcegc: true[0m
[0m[[0m[0mdebug[0m] [0m[0mRunning task... Cancel: Signal, check cycles: false, forcegc: true[0m
[0m[[0m[0minfo[0m] [0m[0mcompiling 3 Scala sources to /Users/omiros.trypatsas/IdeaProjects/play-template/target/scala-2.13/classes ...[0m
[0m[[0m[31merror[0m] [0m[0m/Users/omiros.trypatsas/IdeaProjects/play-template/app/controllers/ApplicationController.scala:32:12: constructor cannot be instantiated to expected type;[0m
[0m[[0m[31merror[0m] [0m[0m found   : scala.util.Right[A,B][0m
[0m[[0m[31merror[0m] [0m[0m required: models.DataModel[0m
[0m[[0m[31merror[0m] [0m[0m      case Right(Some(item: DataModel)) => Ok {[0m
[0m[[0m[31merror[0m] [0m[0m           ^[0m
[0m[[0m[31merror[0m] [0m[0m/Users/omiros.trypatsas/IdeaProjects/play-template/app/controllers/ApplicationController.scala:35:12: constructor cannot be instantiated to expected type;[0m
[0m[[0m[31merror[0m] [0m[0m found   : scala.util.Right[A,B][0m
[0m[[0m[31merror[0m] [0m[0m required: models.DataModel[0m
[0m[[0m[31merror[0m] [0m[0m      case Right(None) => NotFound(Json.toJson("No data found"))[0m
[0m[[0m[31merror[0m] [0m[0m           ^[0m
[0m[[0m[31merror[0m] [0m[0m/Users/omiros.trypatsas/IdeaProjects/play-template/app/controllers/ApplicationController.scala:36:12: constructor cannot be instantiated to expected type;[0m
[0m[[0m[31merror[0m] [0m[0m found   : scala.util.Left[A,B][0m
[0m[[0m[31merror[0m] [0m[0m required: models.DataModel[0m
[0m[[0m[31merror[0m] [0m[0m      case Left(error) => Status(error)(Json.toJson("Unable to read any books"))[0m
[0m[[0m[31merror[0m] [0m[0m           ^[0m
[0m[[0m[33mwarn[0m] [0m[0m/Users/omiros.trypatsas/IdeaProjects/play-template/app/repositories/DataRepository.scala:45:31: Auto-application to `()` is deprecated. Supply the empty argument list `()` explicitly to invoke method headOption,[0m
[0m[[0m[33mwarn[0m] [0m[0mor remove the empty argument list from its definition (Java-defined methods are exempt).[0m
[0m[[0m[33mwarn[0m] [0m[0mIn Scala 3, an unapplied method like this will be eta-expanded into a function.[0m
[0m[[0m[33mwarn[0m] [0m[0m    collection.find(byID(id)).headOption flatMap { // byID is a query used to filter the collection.[0m
[0m[[0m[33mwarn[0m] [0m[0m                              ^[0m
[0m[[0m[33mwarn[0m] [0m[0mone warning found[0m
[0m[[0m[31merror[0m] [0m[0mthree errors found[0m
[0m[[0m[31merror[0m] [0m[0m(Compile / [31mcompileIncremental[0m) Compilation failed[0m
[0m[[0m[0mdebug[0m] [0m[0mRunning task... Cancel: Signal, check cycles: false, forcegc: true[0m
[0m[[0m[0mdebug[0m] [0m[0mRunning task... Cancel: Signal, check cycles: false, forcegc: true[0m
[0m[[0m[33mwarn[0m] [0m[0mCanceling execution...[0m
[0m[[0m[31merror[0m] [0m[0mCancelled: run[0m
[0m[[0m[31merror[0m] [0m[0mCancelled: run[0m
[0m[[0m[31merror[0m] [0m[0mUse 'last' for the full log.[0m
[0m[[0m[0mdebug[0m] [0m[0m> Exec(idea-shell, None, None)[0m
