[0m[[0m[0mdebug[0m] [0m[0m> Exec(test, None, None)[0m
[0m[[0m[0mdebug[0m] [0m[0mEvaluating tasks: Test / test[0m
[0m[[0m[0mdebug[0m] [0m[0mRunning task... Cancel: Signal, check cycles: false, forcegc: true[0m
[0m[[0m[0mdebug[0m] [0m[0mExporting web-assets:play-template[0m
[0m[[0m[0mdebug[0m] [0m[0mExporting web-assets-test:play-template[0m
[0m[[0m[0minfo[0m] [0m[0mcompiling 1 Scala source to /Users/omiros.trypatsas/IdeaProjects/play-template/target/scala-2.13/test-classes ...[0m
[0m[[0m[0minfo[0m] [0m[0mdone compiling[0m
[0m[[0m[0minfo[0m] [0m[0m[32mApplicationControllerSpec:[0m[0m
[0m[[0m[0minfo[0m] [0m[0m[32mApplicationController .index()[0m[0m
[0m[[0m[0minfo[0m] [0m[0m[32m- should return TODO[0m[0m
[0m[[0m[0minfo[0m] [0m[0m[32mApplicationController .create()[0m[0m
[0m[[0m[0minfo[0m] [0m[0m[32mApplicationController .read()[0m[0m
[0m[[0m[0minfo[0m] [0m[0m[32mApplicationController .update()[0m[0m
[0m[[0m[0minfo[0m] [0m[0m[32mApplicationController .delete()[0m[0m
[0m[[0m[0minfo[0m] [0m[0m[32mHomeControllerSpec:[0m[0m
[0m[[0m[0minfo[0m] [0m[0m[32mHomeController GET[0m[0m
[0m[[0m[0minfo[0m] [0m[0m[32m- should render the index page from a new instance of controller[0m[0m
[0m[[0m[0minfo[0m] [0m[0m[32m- should render the index page from the application[0m[0m
[0m[[0m[0minfo[0m] [0m[0m[31m- should render the index page from the router *** FAILED ***[0m[0m
[0m[[0m[0minfo[0m] [0m[0m[31m  "<!DOCTYPE html>[0m[0m
[0m[[0m[0minfo[0m] [0m[0m[31m  <html lang="en">[0m[0m
[0m[[0m[0minfo[0m] [0m[0m[31m      <head>[0m[0m
[0m[[0m[0minfo[0m] [0m[0m[31m          <title>Bad Request</title>[0m[0m
[0m[[0m[0minfo[0m] [0m[0m          [0m
[0m[[0m[0minfo[0m] [0m[0m[31m  <style  type="text/css">[0m[0m
[0m[[0m[0minfo[0m] [0m[0m[31m              html, body, pre {[0m[0m
[0m[[0m[0minfo[0m] [0m[0m[31m                  margin: 0;[0m[0m
[0m[[0m[0minfo[0m] [0m[0m[31m                  padding: 0;[0m[0m
[0m[[0m[0minfo[0m] [0m[0m[31m                  font-family: Monaco, 'Lucida Console', monospace;[0m[0m
[0m[[0m[0minfo[0m] [0m[0m[31m                  background: #ECECEC;[0m[0m
[0m[[0m[0minfo[0m] [0m[0m[31m              }[0m[0m
[0m[[0m[0minfo[0m] [0m[0m[31m              h1 {[0m[0m
[0m[[0m[0minfo[0m] [0m[0m[31m                  margin: 0;[0m[0m
[0m[[0m[0minfo[0m] [0m[0m[31m                  background: #AD632A;[0m[0m
[0m[[0m[0minfo[0m] [0m[0m[31m                  padding: 20px 45px;[0m[0m
[0m[[0m[0minfo[0m] [0m[0m[31m                  color: #fff;[0m[0m
[0m[[0m[0minfo[0m] [0m[0m[31m                  text-shadow: 1px 1px 1px rgba(0,0,0,.3);[0m[0m
[0m[[0m[0minfo[0m] [0m[0m[31m                  border-bottom: 1px solid #9F5805;[0m[0m
[0m[[0m[0minfo[0m] [0m[0m[31m                  font-size: 28px;[0m[0m
[0m[[0m[0minfo[0m] [0m[0m[31m              }[0m[0m
[0m[[0m[0minfo[0m] [0m[0m[31m              p#detail {[0m[0m
[0m[[0m[0minfo[0m] [0m[0m[31m                  margin: 0;[0m[0m
[0m[[0m[0minfo[0m] [0m[0m[31m                  padding: 15px 45px;[0m[0m
[0m[[0m[0minfo[0m] [0m[0m[31m                  background: #F6A960;[0m[0m
[0m[[0m[0minfo[0m] [0m[0m[31m                  border-top: 4px solid #D29052;[0m[0m
[0m[[0m[0minfo[0m] [0m[0m[31m                  color: #733512;[0m[0m
[0m[[0m[0minfo[0m] [0m[0m[31m                  text-shadow: 1px 1px 1px rgba(255,255,255,.3);[0m[0m
[0m[[0m[0minfo[0m] [0m[0m[31m                  font-size: 14px;[0m[0m
[0m[[0m[0minfo[0m] [0m[0m[31m                  border-bottom: 1px solid #BA7F5B;[0m[0m
[0m[[0m[0minfo[0m] [0m[0m[31m              }[0m[0m
[0m[[0m[0minfo[0m] [0m[0m[31m          </style>[0m[0m
[0m[[0m[0minfo[0m] [0m[0m[31m      </head>[0m[0m
[0m[[0m[0minfo[0m] [0m[0m[31m      <body>[0m[0m
[0m[[0m[0minfo[0m] [0m[0m[31m          <h1>Bad Request</h1>[0m[0m
[0m[[0m[0minfo[0m] [0m[0m  [0m
[0m[[0m[0minfo[0m] [0m[0m[31m          <p id="detail">[0m[0m
[0m[[0m[0minfo[0m] [0m[0m[31m              For request 'GET /' [Host not allowed: localhost][0m[0m
[0m[[0m[0minfo[0m] [0m[0m[31m          </p>[0m[0m
[0m[[0m[0minfo[0m] [0m[0m  [0m
[0m[[0m[0minfo[0m] [0m[0m[31m      </body>[0m[0m
[0m[[0m[0minfo[0m] [0m[0m[31m  </html>[0m[0m
[0m[[0m[0minfo[0m] [0m[0m[31m  " did not include substring "First task page" (HomeControllerSpec.scala:47)[0m[0m
[0m[[0m[0minfo[0m] [0m[0m[36mRun completed in 2 seconds, 296 milliseconds.[0m[0m
[0m[[0m[0minfo[0m] [0m[0m[36mTotal number of tests run: 4[0m[0m
[0m[[0m[0minfo[0m] [0m[0m[36mSuites: completed 2, aborted 0[0m[0m
[0m[[0m[0minfo[0m] [0m[0m[36mTests: succeeded 3, failed 1, canceled 0, ignored 0, pending 0[0m[0m
[0m[[0m[0minfo[0m] [0m[0m[31m*** 1 TEST FAILED ***[0m[0m
[0m[[0m[31merror[0m] [0m[0mFailed tests:[0m
[0m[[0m[31merror[0m] [0m[0m	controllers.HomeControllerSpec[0m
[0m[[0m[31merror[0m] [0m[0m(Test / [31mtest[0m) sbt.TestsFailedException: Tests unsuccessful[0m
[0m[[0m[31merror[0m] [0m[0mTotal time: 3 s, completed 11 Dec 2023, 17:37:47[0m
[0m[[0m[0mdebug[0m] [0m[0m> Exec(idea-shell, None, None)[0m
