[0m[[0m[0mdebug[0m] [0m[0m> Exec(testOnly *ApplicationControllerSpec, None, None)[0m
[0m[[0m[0mdebug[0m] [0m[0mEvaluating tasks: Test / testOnly[0m
[0m[[0m[0mdebug[0m] [0m[0mRunning task... Cancel: Signal, check cycles: false, forcegc: true[0m
[0m[[0m[0mdebug[0m] [0m[0mExporting web-assets:play-template[0m
[0m[[0m[0minfo[0m] [0m[0mcompiling 3 Scala sources to /Users/omiros.trypatsas/IdeaProjects/play-template/target/scala-2.13/classes ...[0m
[0m[[0m[31merror[0m] [0m[0m/Users/omiros.trypatsas/IdeaProjects/play-template/app/controllers/ApplicationController.scala:11:141: not found: type ExecutionContext[0m
[0m[[0m[31merror[0m] [0m[0mclass ApplicationController @Inject()(val controllerComponents: ControllerComponents, val dataRepository: DataRepository)( implicit val ec: ExecutionContext) extends BaseController {[0m
[0m[[0m[31merror[0m] [0m[0m                                                                                                                                            ^[0m
[0m[[0m[31merror[0m] [0m[0m/Users/omiros.trypatsas/IdeaProjects/play-template/app/controllers/ApplicationController.scala:15:9: not found: value Json[0m
[0m[[0m[31merror[0m] [0m[0m        Json.toJson(item)[0m
[0m[[0m[31merror[0m] [0m[0m        ^[0m
[0m[[0m[31merror[0m] [0m[0m/Users/omiros.trypatsas/IdeaProjects/play-template/app/controllers/ApplicationController.scala:17:41: not found: value Json[0m
[0m[[0m[31merror[0m] [0m[0m      case Left(error) => Status(error)(Json.toJson("Unable to find any books"))[0m
[0m[[0m[31merror[0m] [0m[0m                                        ^[0m
[0m[[0m[31merror[0m] [0m[0m/Users/omiros.trypatsas/IdeaProjects/play-template/app/controllers/ApplicationController.scala:21:24: not found: type JsValue[0m
[0m[[0m[31merror[0m] [0m[0m  def create(): Action[JsValue] = Action.async(parse.json) { implicit request =>[0m
[0m[[0m[31merror[0m] [0m[0m                       ^[0m
[0m[[0m[31merror[0m] [0m[0m/Users/omiros.trypatsas/IdeaProjects/play-template/app/controllers/ApplicationController.scala:23:12: not found: value JsSuccess[0m
[0m[[0m[31merror[0m] [0m[0m      case JsSuccess(dataModel, _) =>[0m
[0m[[0m[31merror[0m] [0m[0m           ^[0m
[0m[[0m[31merror[0m] [0m[0m/Users/omiros.trypatsas/IdeaProjects/play-template/app/controllers/ApplicationController.scala:24:45: Cannot find an implicit ExecutionContext. You might add[0m
[0m[[0m[31merror[0m] [0m[0man (implicit ec: ExecutionContext) parameter to your method.[0m
[0m[[0m[31merror[0m] [0m[0m[0m
[0m[[0m[31merror[0m] [0m[0mThe ExecutionContext is used to configure how and on which[0m
[0m[[0m[31merror[0m] [0m[0mthread pools asynchronous tasks (such as Futures) will run,[0m
[0m[[0m[31merror[0m] [0m[0mso the specific ExecutionContext that is selected is important.[0m
[0m[[0m[31merror[0m] [0m[0m[0m
[0m[[0m[31merror[0m] [0m[0mIf your application does not define an ExecutionContext elsewhere,[0m
[0m[[0m[31merror[0m] [0m[0mconsider using Scala's global ExecutionContext by defining[0m
[0m[[0m[31merror[0m] [0m[0mthe following:[0m
[0m[[0m[31merror[0m] [0m[0m[0m
[0m[[0m[31merror[0m] [0m[0mimplicit val ec: scala.concurrent.ExecutionContext = scala.concurrent.ExecutionContext.global[0m
[0m[[0m[31merror[0m] [0m[0m        dataRepository.create(dataModel).map(_ => Created)[0m
[0m[[0m[31merror[0m] [0m[0m                                            ^[0m
[0m[[0m[31merror[0m] [0m[0m/Users/omiros.trypatsas/IdeaProjects/play-template/app/controllers/ApplicationController.scala:25:12: not found: value JsError[0m
[0m[[0m[31merror[0m] [0m[0m      case JsError(_) => Future(BadRequest)[0m
[0m[[0m[31merror[0m] [0m[0m           ^[0m
[0m[[0m[31merror[0m] [0m[0m/Users/omiros.trypatsas/IdeaProjects/play-template/app/controllers/ApplicationController.scala:25:32: Cannot find an implicit ExecutionContext. You might add[0m
[0m[[0m[31merror[0m] [0m[0man (implicit ec: ExecutionContext) parameter to your method.[0m
[0m[[0m[31merror[0m] [0m[0m[0m
[0m[[0m[31merror[0m] [0m[0mThe ExecutionContext is used to configure how and on which[0m
[0m[[0m[31merror[0m] [0m[0mthread pools asynchronous tasks (such as Futures) will run,[0m
[0m[[0m[31merror[0m] [0m[0mso the specific ExecutionContext that is selected is important.[0m
[0m[[0m[31merror[0m] [0m[0m[0m
[0m[[0m[31merror[0m] [0m[0mIf your application does not define an ExecutionContext elsewhere,[0m
[0m[[0m[31merror[0m] [0m[0mconsider using Scala's global ExecutionContext by defining[0m
[0m[[0m[31merror[0m] [0m[0mthe following:[0m
[0m[[0m[31merror[0m] [0m[0m[0m
[0m[[0m[31merror[0m] [0m[0mimplicit val ec: scala.concurrent.ExecutionContext = scala.concurrent.ExecutionContext.global[0m
[0m[[0m[31merror[0m] [0m[0m      case JsError(_) => Future(BadRequest)[0m
[0m[[0m[31merror[0m] [0m[0m                               ^[0m
[0m[[0m[33mwarn[0m] [0m[0m/Users/omiros.trypatsas/IdeaProjects/play-template/app/repositories/DataRepository.scala:45:31: Auto-application to `()` is deprecated. Supply the empty argument list `()` explicitly to invoke method headOption,[0m
[0m[[0m[33mwarn[0m] [0m[0mor remove the empty argument list from its definition (Java-defined methods are exempt).[0m
[0m[[0m[33mwarn[0m] [0m[0mIn Scala 3, an unapplied method like this will be eta-expanded into a function.[0m
[0m[[0m[33mwarn[0m] [0m[0m    collection.find(byID(id)).headOption flatMap { // byID is a query used to filter the collection.[0m
[0m[[0m[33mwarn[0m] [0m[0m                              ^[0m
[0m[[0m[33mwarn[0m] [0m[0mone warning found[0m
[0m[[0m[31merror[0m] [0m[0m8 errors found[0m
[0m[[0m[0mdebug[0m] [0m[0mForcing garbage collection...[0m
[0m[[0m[31merror[0m] [0m[0m(Compile / [31mcompileIncremental[0m) Compilation failed[0m
[0m[[0m[31merror[0m] [0m[0mTotal time: 0 s, completed 13 Dec 2023, 10:41:44[0m
[0m[[0m[0mdebug[0m] [0m[0m> Exec(idea-shell, None, None)[0m
